2017-01-06 01:07:22,421 - INFO - Initializing CPM routelogger
2017-01-06 01:08:47,450 - DEBUG - __________RX_NO_BCAST_ONLY_TARGETED_DST_MAC : Network Bootstrap Completed. Proceeding with shortest path calculation________
2017-01-06 01:08:47,451 - DEBUG - SPATH: Received ARP to specific dst mac '00:00:00:00:02:01' that exist in our graph
2017-01-06 01:08:47,451 - DEBUG - SPATH Do we have a path to this destination mac? src= '00:00:00:00:02:01' , dst = '00:00:00:00:01:02' 
2017-01-06 01:08:56,452 - DEBUG - __________RX_NO_BCAST_ONLY_TARGETED_DST_MAC : Network Bootstrap Completed. Proceeding with shortest path calculation________
2017-01-06 01:08:56,452 - DEBUG - SPATH: Received ARP to specific dst mac '00:00:00:00:02:02' that exist in our graph
2017-01-06 01:08:56,453 - DEBUG - SPATH Do we have a path to this destination mac? src= '00:00:00:00:02:02' , dst = '00:00:00:00:01:02' 
2017-01-06 01:08:59,872 - DEBUG - __________RX_NO_BCAST_ONLY_TARGETED_DST_MAC : Network Bootstrap Completed. Proceeding with shortest path calculation________
2017-01-06 01:08:59,873 - DEBUG -  Unable to find path from  src_mac='33:33:00:00:00:fb' to dst_mac='ba:9b:ca:d5:5c:da'  
2017-01-06 01:08:59,873 - DEBUG - __________RX_NO_BCAST_ONLY_TARGETED_DST_MAC : Network Bootstrap Completed. Proceeding with shortest path calculation________
2017-01-06 01:08:59,873 - DEBUG -  Unable to find path from  src_mac='33:33:00:00:00:fb' to dst_mac='16:61:6c:6f:f1:92'  
2017-01-06 01:08:59,874 - DEBUG - __________RX_NO_BCAST_ONLY_TARGETED_DST_MAC : Network Bootstrap Completed. Proceeding with shortest path calculation________
2017-01-06 01:08:59,874 - DEBUG -  Unable to find path from  src_mac='33:33:00:00:00:fb' to dst_mac='2e:2b:03:42:7d:8e'  
2017-01-06 01:08:59,900 - DEBUG - __________RX_NO_BCAST_ONLY_TARGETED_DST_MAC : Network Bootstrap Completed. Proceeding with shortest path calculation________
2017-01-06 01:08:59,901 - DEBUG -  Unable to find path from  src_mac='33:33:00:00:00:fb' to dst_mac='42:37:8a:51:ad:53'  
2017-01-06 01:08:59,999 - DEBUG - __________RX_NO_BCAST_ONLY_TARGETED_DST_MAC : Network Bootstrap Completed. Proceeding with shortest path calculation________
2017-01-06 01:09:00,001 - DEBUG -  Unable to find path from  src_mac='33:33:00:00:00:fb' to dst_mac='5e:ec:12:57:5f:28'  
2017-01-06 01:09:00,020 - DEBUG - __________RX_NO_BCAST_ONLY_TARGETED_DST_MAC : Network Bootstrap Completed. Proceeding with shortest path calculation________
2017-01-06 01:09:00,021 - DEBUG -  Unable to find path from  src_mac='33:33:00:00:00:fb' to dst_mac='3a:5c:16:44:7a:84'  
2017-01-06 01:09:00,025 - DEBUG - __________RX_NO_BCAST_ONLY_TARGETED_DST_MAC : Network Bootstrap Completed. Proceeding with shortest path calculation________
2017-01-06 01:09:00,025 - DEBUG -  Unable to find path from  src_mac='33:33:00:00:00:fb' to dst_mac='5e:ac:b8:d8:ba:a1'  
2017-01-06 01:09:00,063 - DEBUG - __________RX_NO_BCAST_ONLY_TARGETED_DST_MAC : Network Bootstrap Completed. Proceeding with shortest path calculation________
2017-01-06 01:09:00,064 - DEBUG -  Unable to find path from  src_mac='33:33:00:00:00:fb' to dst_mac='1a:9e:1c:36:4f:26'  
2017-01-06 01:09:00,147 - DEBUG - __________RX_NO_BCAST_ONLY_TARGETED_DST_MAC : Network Bootstrap Completed. Proceeding with shortest path calculation________
2017-01-06 01:09:00,155 - DEBUG -  Unable to find path from  src_mac='33:33:00:00:00:fb' to dst_mac='22:74:0e:db:b6:81'  
2017-01-06 01:09:00,157 - DEBUG - __________RX_NO_BCAST_ONLY_TARGETED_DST_MAC : Network Bootstrap Completed. Proceeding with shortest path calculation________
2017-01-06 01:09:00,158 - DEBUG -  Unable to find path from  src_mac='33:33:00:00:00:fb' to dst_mac='ce:b2:34:6c:62:c7'  
2017-01-06 01:09:00,159 - DEBUG - __________RX_NO_BCAST_ONLY_TARGETED_DST_MAC : Network Bootstrap Completed. Proceeding with shortest path calculation________
2017-01-06 01:09:00,159 - DEBUG -  Unable to find path from  src_mac='33:33:00:00:00:fb' to dst_mac='22:94:44:b7:fd:76'  
2017-01-06 01:09:00,161 - DEBUG - __________RX_NO_BCAST_ONLY_TARGETED_DST_MAC : Network Bootstrap Completed. Proceeding with shortest path calculation________
2017-01-06 01:09:00,161 - DEBUG -  Unable to find path from  src_mac='33:33:00:00:00:fb' to dst_mac='fe:5a:92:b0:cf:f0'  
2017-01-06 01:09:00,188 - DEBUG - __________RX_NO_BCAST_ONLY_TARGETED_DST_MAC : Network Bootstrap Completed. Proceeding with shortest path calculation________
2017-01-06 01:09:00,191 - DEBUG -  Unable to find path from  src_mac='33:33:00:00:00:fb' to dst_mac='1a:9c:fa:58:2d:df'  
2017-01-06 01:09:00,192 - DEBUG - __________RX_NO_BCAST_ONLY_TARGETED_DST_MAC : Network Bootstrap Completed. Proceeding with shortest path calculation________
2017-01-06 01:09:00,194 - DEBUG -  Unable to find path from  src_mac='33:33:00:00:00:fb' to dst_mac='02:9d:03:e5:68:c9'  
2017-01-06 01:09:00,245 - DEBUG - __________RX_NO_BCAST_ONLY_TARGETED_DST_MAC : Network Bootstrap Completed. Proceeding with shortest path calculation________
2017-01-06 01:09:00,252 - DEBUG -  Unable to find path from  src_mac='33:33:00:00:00:fb' to dst_mac='7e:5c:08:38:20:b9'  
2017-01-06 01:09:00,254 - DEBUG - __________RX_NO_BCAST_ONLY_TARGETED_DST_MAC : Network Bootstrap Completed. Proceeding with shortest path calculation________
2017-01-06 01:09:00,254 - DEBUG -  Unable to find path from  src_mac='33:33:00:00:00:fb' to dst_mac='fe:12:0c:c2:a5:f3'  
2017-01-06 01:09:00,256 - DEBUG - __________RX_NO_BCAST_ONLY_TARGETED_DST_MAC : Network Bootstrap Completed. Proceeding with shortest path calculation________
2017-01-06 01:09:00,257 - DEBUG -  Unable to find path from  src_mac='33:33:00:00:00:fb' to dst_mac='2a:da:1a:3e:c0:c5'  
2017-01-06 01:09:00,280 - DEBUG - __________RX_NO_BCAST_ONLY_TARGETED_DST_MAC : Network Bootstrap Completed. Proceeding with shortest path calculation________
2017-01-06 01:09:00,283 - DEBUG -  Unable to find path from  src_mac='33:33:00:00:00:fb' to dst_mac='32:0a:d0:e0:67:2f'  
2017-01-06 01:09:00,339 - DEBUG - __________RX_NO_BCAST_ONLY_TARGETED_DST_MAC : Network Bootstrap Completed. Proceeding with shortest path calculation________
2017-01-06 01:09:00,344 - DEBUG -  Unable to find path from  src_mac='33:33:00:00:00:fb' to dst_mac='56:51:b4:12:62:c9'  
2017-01-06 01:09:00,397 - DEBUG - __________RX_NO_BCAST_ONLY_TARGETED_DST_MAC : Network Bootstrap Completed. Proceeding with shortest path calculation________
2017-01-06 01:09:00,403 - DEBUG -  Unable to find path from  src_mac='33:33:00:00:00:fb' to dst_mac='b2:1e:6f:c4:a6:e5'  
2017-01-06 01:09:00,441 - DEBUG - __________RX_NO_BCAST_ONLY_TARGETED_DST_MAC : Network Bootstrap Completed. Proceeding with shortest path calculation________
2017-01-06 01:09:00,451 - DEBUG -  Unable to find path from  src_mac='33:33:00:00:00:fb' to dst_mac='7e:1a:91:89:79:07'  
2017-01-06 01:09:00,453 - DEBUG - __________RX_NO_BCAST_ONLY_TARGETED_DST_MAC : Network Bootstrap Completed. Proceeding with shortest path calculation________
2017-01-06 01:09:00,453 - DEBUG -  Unable to find path from  src_mac='33:33:00:00:00:fb' to dst_mac='ca:56:db:90:6d:ec'  
2017-01-06 01:09:00,510 - DEBUG - __________RX_NO_BCAST_ONLY_TARGETED_DST_MAC : Network Bootstrap Completed. Proceeding with shortest path calculation________
2017-01-06 01:09:00,511 - DEBUG -  Unable to find path from  src_mac='33:33:00:00:00:fb' to dst_mac='1a:63:9c:c4:29:88'  
2017-01-06 01:09:00,524 - DEBUG - __________RX_NO_BCAST_ONLY_TARGETED_DST_MAC : Network Bootstrap Completed. Proceeding with shortest path calculation________
2017-01-06 01:09:00,532 - DEBUG -  Unable to find path from  src_mac='33:33:00:00:00:fb' to dst_mac='92:f6:43:88:86:a6'  
2017-01-06 01:09:00,599 - DEBUG - __________RX_NO_BCAST_ONLY_TARGETED_DST_MAC : Network Bootstrap Completed. Proceeding with shortest path calculation________
2017-01-06 01:09:00,603 - DEBUG -  Unable to find path from  src_mac='33:33:00:00:00:fb' to dst_mac='3e:e0:cb:be:9b:1f'  
2017-01-06 01:09:00,605 - DEBUG - __________RX_NO_BCAST_ONLY_TARGETED_DST_MAC : Network Bootstrap Completed. Proceeding with shortest path calculation________
2017-01-06 01:09:00,606 - DEBUG -  Unable to find path from  src_mac='33:33:00:00:00:fb' to dst_mac='32:8e:20:80:31:4e'  
2017-01-06 01:09:00,621 - DEBUG - __________RX_NO_BCAST_ONLY_TARGETED_DST_MAC : Network Bootstrap Completed. Proceeding with shortest path calculation________
2017-01-06 01:09:00,623 - DEBUG -  Unable to find path from  src_mac='33:33:00:00:00:fb' to dst_mac='ee:57:cb:0b:54:57'  
2017-01-06 01:09:00,785 - DEBUG - __________RX_NO_BCAST_ONLY_TARGETED_DST_MAC : Network Bootstrap Completed. Proceeding with shortest path calculation________
2017-01-06 01:09:00,786 - DEBUG -  Unable to find path from  src_mac='33:33:00:00:00:fb' to dst_mac='42:70:f4:eb:41:55'  
2017-01-06 01:09:06,477 - DEBUG - __________RX_NO_BCAST_ONLY_TARGETED_DST_MAC : Network Bootstrap Completed. Proceeding with shortest path calculation________
2017-01-06 01:09:06,478 - DEBUG - SPATH: Received ARP to specific dst mac '00:00:00:00:01:01' that exist in our graph
2017-01-06 01:09:06,479 - DEBUG - SPATH Do we have a path to this destination mac? src= '00:00:00:00:01:01' , dst = '00:00:00:00:01:02' 
2017-01-06 01:09:19,173 - DEBUG - __________RX_NO_BCAST_ONLY_TARGETED_DST_MAC : Network Bootstrap Completed. Proceeding with shortest path calculation________
2017-01-06 01:09:19,175 - DEBUG - SPATH: Received ARP to specific dst mac '00:00:00:00:02:01' that exist in our graph
2017-01-06 01:09:19,175 - DEBUG - SPATH Do we have a path to this destination mac? src= '00:00:00:00:02:01' , dst = '00:00:00:00:01:01' 
2017-01-06 01:09:20,187 - DEBUG - __________RX_NO_BCAST_ONLY_TARGETED_DST_MAC : Network Bootstrap Completed. Proceeding with shortest path calculation________
2017-01-06 01:09:20,187 - DEBUG - SPATH: Received ARP to specific dst mac '00:00:00:00:02:01' that exist in our graph
2017-01-06 01:09:20,188 - DEBUG - SPATH Do we have a path to this destination mac? src= '00:00:00:00:02:01' , dst = '00:00:00:00:01:01' 
2017-01-06 01:09:20,317 - DEBUG - Installing path : ['00:00:00:00:01:01', 21, 22, 23, '00:00:00:00:02:01']
2017-01-06 01:09:20,317 - DEBUG - Installing rule : iteration = 1
2017-01-06 01:09:20,317 - DEBUG - FWD FLOW in_port computed = self.net.edge['00:00:00:00:01:01'][21]['dst_port'] = 3
2017-01-06 01:09:20,317 - DEBUG - FWD FLOW out_port computed = self.net.edge[21][22]['src_port'] = 2 
2017-01-06 01:09:20,318 - DEBUG - FLOWMOD_1 : installing rule: '00:00:00:00:01:01' -----> 3 ==== 21 === 2 -----> '00:00:00:00:02:01' 
2017-01-06 01:09:20,318 - DEBUG - Installing rule : iteration = 2
2017-01-06 01:09:20,319 - DEBUG - FWD FLOW in_port computed = self.net.edge[21][22]['dst_port'] = 3
2017-01-06 01:09:20,319 - DEBUG - FWD FLOW out_port computed = self.net.edge[22][23]['src_port'] = 4 
2017-01-06 01:09:20,319 - DEBUG - FLOWMOD_1 : installing rule: '00:00:00:00:01:01' -----> 3 ==== 22 === 4 -----> '00:00:00:00:02:01' 
2017-01-06 01:09:20,324 - DEBUG - Installing rule : iteration = 3
2017-01-06 01:09:20,324 - DEBUG - FWD FLOW in_port computed = self.net.edge[22][23]['dst_port'] = 2
2017-01-06 01:09:20,325 - DEBUG - FWD FLOW out_port computed = self.net.edge[23]['00:00:00:00:02:01']['src_port'] = 4 
2017-01-06 01:09:20,325 - DEBUG - FLOWMOD_1 : installing rule: '00:00:00:00:01:01' -----> 2 ==== 23 === 4 -----> '00:00:00:00:02:01' 
2017-01-06 01:09:20,326 - DEBUG - Installing rule : iteration = 3  
2017-01-06 01:09:20,326 - DEBUG - REV FLOW in_port computed = self.net.edge['00:00:00:00:02:01'][23]['dst_port/in_port'] = 4
2017-01-06 01:09:20,327 - DEBUG - REV LOW out_port computed = self.net.edge[23][22]['src_port/out_port'] = 2
2017-01-06 01:09:20,327 - DEBUG - FLOWMOD_1 : installing rule: '00:00:00:00:02:01' -----> 4 ==== 23 === 2 -----> '00:00:00:00:01:01' 
2017-01-06 01:09:20,328 - DEBUG - Installing rule : iteration = 2  
2017-01-06 01:09:20,328 - DEBUG - REV FLOW in_port computed = self.net.edge[23][22]['dst_port/in_port'] = 4
2017-01-06 01:09:20,328 - DEBUG - REV LOW out_port computed = self.net.edge[22][21]['src_port/out_port'] = 3
2017-01-06 01:09:20,329 - DEBUG - FLOWMOD_1 : installing rule: '00:00:00:00:02:01' -----> 4 ==== 22 === 3 -----> '00:00:00:00:01:01' 
2017-01-06 01:09:20,330 - DEBUG - Installing rule : iteration = 1  
2017-01-06 01:09:20,330 - DEBUG - REV FLOW in_port computed = self.net.edge[22][21]['dst_port/in_port'] = 2
2017-01-06 01:09:20,330 - DEBUG - REV LOW out_port computed = self.net.edge[21]['00:00:00:00:01:01']['src_port/out_port'] = 3
2017-01-06 01:09:20,331 - DEBUG - FLOWMOD_1 : installing rule: '00:00:00:00:02:01' -----> 2 ==== 21 === 3 -----> '00:00:00:00:01:01' 
2017-01-06 01:09:24,234 - DEBUG - __________RX_NO_BCAST_ONLY_TARGETED_DST_MAC : Network Bootstrap Completed. Proceeding with shortest path calculation________
2017-01-06 01:09:24,234 - DEBUG - SPATH: Received ARP to specific dst mac '00:00:00:00:02:02' that exist in our graph
2017-01-06 01:09:24,235 - DEBUG - SPATH Do we have a path to this destination mac? src= '00:00:00:00:02:02' , dst = '00:00:00:00:01:01' 
2017-01-06 01:09:25,227 - DEBUG - __________RX_NO_BCAST_ONLY_TARGETED_DST_MAC : Network Bootstrap Completed. Proceeding with shortest path calculation________
2017-01-06 01:09:25,228 - DEBUG - SPATH: Received ARP to specific dst mac '00:00:00:00:02:02' that exist in our graph
2017-01-06 01:09:25,228 - DEBUG - SPATH Do we have a path to this destination mac? src= '00:00:00:00:02:02' , dst = '00:00:00:00:01:01' 
2017-01-06 01:09:25,434 - DEBUG - Installing path : ['00:00:00:00:01:01', 21, 22, 23, '00:00:00:00:02:02']
2017-01-06 01:09:25,434 - DEBUG - Installing rule : iteration = 1
2017-01-06 01:09:25,434 - DEBUG - FWD FLOW in_port computed = self.net.edge['00:00:00:00:01:01'][21]['dst_port'] = 3
2017-01-06 01:09:25,434 - DEBUG - FWD FLOW out_port computed = self.net.edge[21][22]['src_port'] = 2 
2017-01-06 01:09:25,434 - DEBUG - FLOWMOD_1 : installing rule: '00:00:00:00:01:01' -----> 3 ==== 21 === 2 -----> '00:00:00:00:02:02' 
2017-01-06 01:09:25,436 - DEBUG - Installing rule : iteration = 2
2017-01-06 01:09:25,436 - DEBUG - FWD FLOW in_port computed = self.net.edge[21][22]['dst_port'] = 3
2017-01-06 01:09:25,436 - DEBUG - FWD FLOW out_port computed = self.net.edge[22][23]['src_port'] = 4 
2017-01-06 01:09:25,437 - DEBUG - FLOWMOD_1 : installing rule: '00:00:00:00:01:01' -----> 3 ==== 22 === 4 -----> '00:00:00:00:02:02' 
2017-01-06 01:09:25,438 - DEBUG - Installing rule : iteration = 3
2017-01-06 01:09:25,438 - DEBUG - FWD FLOW in_port computed = self.net.edge[22][23]['dst_port'] = 2
2017-01-06 01:09:25,438 - DEBUG - FWD FLOW out_port computed = self.net.edge[23]['00:00:00:00:02:02']['src_port'] = 5 
2017-01-06 01:09:25,439 - DEBUG - FLOWMOD_1 : installing rule: '00:00:00:00:01:01' -----> 2 ==== 23 === 5 -----> '00:00:00:00:02:02' 
2017-01-06 01:09:25,440 - DEBUG - Installing rule : iteration = 3  
2017-01-06 01:09:25,440 - DEBUG - REV FLOW in_port computed = self.net.edge['00:00:00:00:02:02'][23]['dst_port/in_port'] = 5
2017-01-06 01:09:25,440 - DEBUG - REV LOW out_port computed = self.net.edge[23][22]['src_port/out_port'] = 2
2017-01-06 01:09:25,441 - DEBUG - FLOWMOD_1 : installing rule: '00:00:00:00:02:02' -----> 5 ==== 23 === 2 -----> '00:00:00:00:01:01' 
2017-01-06 01:09:25,442 - DEBUG - Installing rule : iteration = 2  
2017-01-06 01:09:25,442 - DEBUG - REV FLOW in_port computed = self.net.edge[23][22]['dst_port/in_port'] = 4
2017-01-06 01:09:25,442 - DEBUG - REV LOW out_port computed = self.net.edge[22][21]['src_port/out_port'] = 3
2017-01-06 01:09:25,442 - DEBUG - FLOWMOD_1 : installing rule: '00:00:00:00:02:02' -----> 4 ==== 22 === 3 -----> '00:00:00:00:01:01' 
2017-01-06 01:09:25,444 - DEBUG - Installing rule : iteration = 1  
2017-01-06 01:09:25,461 - DEBUG - REV FLOW in_port computed = self.net.edge[22][21]['dst_port/in_port'] = 2
2017-01-06 01:09:25,461 - DEBUG - REV LOW out_port computed = self.net.edge[21]['00:00:00:00:01:01']['src_port/out_port'] = 3
2017-01-06 01:09:25,462 - DEBUG - FLOWMOD_1 : installing rule: '00:00:00:00:02:02' -----> 2 ==== 21 === 3 -----> '00:00:00:00:01:01' 
2017-01-06 01:09:32,075 - DEBUG - __________RX_NO_BCAST_ONLY_TARGETED_DST_MAC : Network Bootstrap Completed. Proceeding with shortest path calculation________
2017-01-06 01:09:32,076 - DEBUG - SPATH: Received ARP to specific dst mac '00:00:00:00:02:02' that exist in our graph
2017-01-06 01:09:32,076 - DEBUG - SPATH Do we have a path to this destination mac? src= '00:00:00:00:02:02' , dst = '00:00:00:00:02:01' 
2017-01-06 01:09:33,061 - DEBUG - __________RX_NO_BCAST_ONLY_TARGETED_DST_MAC : Network Bootstrap Completed. Proceeding with shortest path calculation________
2017-01-06 01:09:33,061 - DEBUG - SPATH: Received ARP to specific dst mac '00:00:00:00:02:02' that exist in our graph
2017-01-06 01:09:33,062 - DEBUG - SPATH Do we have a path to this destination mac? src= '00:00:00:00:02:02' , dst = '00:00:00:00:02:01' 
2017-01-06 01:09:33,253 - DEBUG - Installing path : ['00:00:00:00:02:01', 23, '00:00:00:00:02:02']
2017-01-06 01:09:33,254 - DEBUG - Installing rule : iteration = 1
2017-01-06 01:09:33,255 - DEBUG - FWD FLOW in_port computed = self.net.edge['00:00:00:00:02:01'][23]['dst_port'] = 4
2017-01-06 01:09:33,255 - DEBUG - FWD FLOW out_port computed = self.net.edge[23]['00:00:00:00:02:02']['src_port'] = 5 
2017-01-06 01:09:33,256 - DEBUG - FLOWMOD_1 : installing rule: '00:00:00:00:02:01' -----> 4 ==== 23 === 5 -----> '00:00:00:00:02:02' 
2017-01-06 01:09:33,257 - DEBUG - Installing rule : iteration = 1  
2017-01-06 01:09:33,258 - DEBUG - REV FLOW in_port computed = self.net.edge['00:00:00:00:02:02'][23]['dst_port/in_port'] = 5
2017-01-06 01:09:33,258 - DEBUG - REV LOW out_port computed = self.net.edge[23]['00:00:00:00:02:01']['src_port/out_port'] = 4
2017-01-06 01:09:33,259 - DEBUG - FLOWMOD_1 : installing rule: '00:00:00:00:02:02' -----> 5 ==== 23 === 4 -----> '00:00:00:00:02:01' 
2017-01-06 01:09:47,556 - DEBUG - __________RX_NO_BCAST_ONLY_TARGETED_DST_MAC : Network Bootstrap Completed. Proceeding with shortest path calculation________
2017-01-06 01:09:47,557 - DEBUG - SPATH: Received ARP to specific dst mac '00:00:00:00:01:02' that exist in our graph
2017-01-06 01:09:47,557 - DEBUG - SPATH Do we have a path to this destination mac? src= '00:00:00:00:01:02' , dst = '00:00:00:00:02:01' 
2017-01-06 01:09:48,538 - DEBUG - __________RX_NO_BCAST_ONLY_TARGETED_DST_MAC : Network Bootstrap Completed. Proceeding with shortest path calculation________
2017-01-06 01:09:48,538 - DEBUG - SPATH: Received ARP to specific dst mac '00:00:00:00:01:02' that exist in our graph
2017-01-06 01:09:48,539 - DEBUG - SPATH Do we have a path to this destination mac? src= '00:00:00:00:01:02' , dst = '00:00:00:00:02:01' 
2017-01-06 01:09:48,660 - DEBUG - Installing path : ['00:00:00:00:02:01', 23, 22, 21, '00:00:00:00:01:02']
2017-01-06 01:09:48,661 - DEBUG - Installing rule : iteration = 1
2017-01-06 01:09:48,662 - DEBUG - FWD FLOW in_port computed = self.net.edge['00:00:00:00:02:01'][23]['dst_port'] = 4
2017-01-06 01:09:48,662 - DEBUG - FWD FLOW out_port computed = self.net.edge[23][22]['src_port'] = 2 
2017-01-06 01:09:48,663 - DEBUG - FLOWMOD_1 : installing rule: '00:00:00:00:02:01' -----> 4 ==== 23 === 2 -----> '00:00:00:00:01:02' 
2017-01-06 01:09:48,665 - DEBUG - Installing rule : iteration = 2
2017-01-06 01:09:48,665 - DEBUG - FWD FLOW in_port computed = self.net.edge[23][22]['dst_port'] = 4
2017-01-06 01:09:48,666 - DEBUG - FWD FLOW out_port computed = self.net.edge[22][21]['src_port'] = 3 
2017-01-06 01:09:48,666 - DEBUG - FLOWMOD_1 : installing rule: '00:00:00:00:02:01' -----> 4 ==== 22 === 3 -----> '00:00:00:00:01:02' 
2017-01-06 01:09:48,668 - DEBUG - Installing rule : iteration = 3
2017-01-06 01:09:48,669 - DEBUG - FWD FLOW in_port computed = self.net.edge[22][21]['dst_port'] = 2
2017-01-06 01:09:48,669 - DEBUG - FWD FLOW out_port computed = self.net.edge[21]['00:00:00:00:01:02']['src_port'] = 4 
2017-01-06 01:09:48,669 - DEBUG - FLOWMOD_1 : installing rule: '00:00:00:00:02:01' -----> 2 ==== 21 === 4 -----> '00:00:00:00:01:02' 
2017-01-06 01:09:48,671 - DEBUG - Installing rule : iteration = 3  
2017-01-06 01:09:48,671 - DEBUG - REV FLOW in_port computed = self.net.edge['00:00:00:00:01:02'][21]['dst_port/in_port'] = 4
2017-01-06 01:09:48,671 - DEBUG - REV LOW out_port computed = self.net.edge[21][22]['src_port/out_port'] = 2
2017-01-06 01:09:48,672 - DEBUG - FLOWMOD_1 : installing rule: '00:00:00:00:01:02' -----> 4 ==== 21 === 2 -----> '00:00:00:00:02:01' 
2017-01-06 01:09:48,673 - DEBUG - Installing rule : iteration = 2  
2017-01-06 01:09:48,673 - DEBUG - REV FLOW in_port computed = self.net.edge[21][22]['dst_port/in_port'] = 3
2017-01-06 01:09:48,674 - DEBUG - REV LOW out_port computed = self.net.edge[22][23]['src_port/out_port'] = 4
2017-01-06 01:09:48,674 - DEBUG - FLOWMOD_1 : installing rule: '00:00:00:00:01:02' -----> 3 ==== 22 === 4 -----> '00:00:00:00:02:01' 
2017-01-06 01:09:48,675 - DEBUG - Installing rule : iteration = 1  
2017-01-06 01:09:48,676 - DEBUG - REV FLOW in_port computed = self.net.edge[22][23]['dst_port/in_port'] = 2
2017-01-06 01:09:48,676 - DEBUG - REV LOW out_port computed = self.net.edge[23]['00:00:00:00:02:01']['src_port/out_port'] = 4
2017-01-06 01:09:48,677 - DEBUG - FLOWMOD_1 : installing rule: '00:00:00:00:01:02' -----> 2 ==== 23 === 4 -----> '00:00:00:00:02:01' 
2017-01-06 01:10:03,876 - DEBUG - __________RX_NO_BCAST_ONLY_TARGETED_DST_MAC : Network Bootstrap Completed. Proceeding with shortest path calculation________
2017-01-06 01:10:03,877 - DEBUG -  Unable to find path from  src_mac='33:33:00:00:00:fb' to dst_mac='2e:2b:03:42:7d:8e'  
2017-01-06 01:10:03,878 - DEBUG - __________RX_NO_BCAST_ONLY_TARGETED_DST_MAC : Network Bootstrap Completed. Proceeding with shortest path calculation________
2017-01-06 01:10:03,879 - DEBUG -  Unable to find path from  src_mac='33:33:00:00:00:fb' to dst_mac='16:61:6c:6f:f1:92'  
2017-01-06 01:10:03,881 - DEBUG - __________RX_NO_BCAST_ONLY_TARGETED_DST_MAC : Network Bootstrap Completed. Proceeding with shortest path calculation________
2017-01-06 01:10:03,882 - DEBUG -  Unable to find path from  src_mac='33:33:00:00:00:fb' to dst_mac='ba:9b:ca:d5:5c:da'  
2017-01-06 01:10:03,898 - DEBUG - __________RX_NO_BCAST_ONLY_TARGETED_DST_MAC : Network Bootstrap Completed. Proceeding with shortest path calculation________
2017-01-06 01:10:03,899 - DEBUG -  Unable to find path from  src_mac='33:33:00:00:00:fb' to dst_mac='42:37:8a:51:ad:53'  
2017-01-06 01:10:04,000 - DEBUG - __________RX_NO_BCAST_ONLY_TARGETED_DST_MAC : Network Bootstrap Completed. Proceeding with shortest path calculation________
2017-01-06 01:10:04,001 - DEBUG -  Unable to find path from  src_mac='33:33:00:00:00:fb' to dst_mac='5e:ec:12:57:5f:28'  
2017-01-06 01:10:04,021 - DEBUG - __________RX_NO_BCAST_ONLY_TARGETED_DST_MAC : Network Bootstrap Completed. Proceeding with shortest path calculation________
2017-01-06 01:10:04,023 - DEBUG -  Unable to find path from  src_mac='33:33:00:00:00:fb' to dst_mac='3a:5c:16:44:7a:84'  
2017-01-06 01:10:04,027 - DEBUG - __________RX_NO_BCAST_ONLY_TARGETED_DST_MAC : Network Bootstrap Completed. Proceeding with shortest path calculation________
2017-01-06 01:10:04,027 - DEBUG -  Unable to find path from  src_mac='33:33:00:00:00:fb' to dst_mac='5e:ac:b8:d8:ba:a1'  
2017-01-06 01:10:04,061 - DEBUG - __________RX_NO_BCAST_ONLY_TARGETED_DST_MAC : Network Bootstrap Completed. Proceeding with shortest path calculation________
2017-01-06 01:10:04,062 - DEBUG -  Unable to find path from  src_mac='33:33:00:00:00:fb' to dst_mac='1a:9e:1c:36:4f:26'  
2017-01-06 01:10:04,092 - DEBUG - __________RX_NO_BCAST_ONLY_TARGETED_DST_MAC : Network Bootstrap Completed. Proceeding with shortest path calculation________
2017-01-06 01:10:04,094 - DEBUG -  Unable to find path from  src_mac='33:33:00:00:00:fb' to dst_mac='fe:5a:92:b0:cf:f0'  
2017-01-06 01:10:04,102 - DEBUG - __________RX_NO_BCAST_ONLY_TARGETED_DST_MAC : Network Bootstrap Completed. Proceeding with shortest path calculation________
2017-01-06 01:10:04,103 - DEBUG -  Unable to find path from  src_mac='33:33:00:00:00:fb' to dst_mac='ce:b2:34:6c:62:c7'  
2017-01-06 01:10:04,104 - DEBUG - __________RX_NO_BCAST_ONLY_TARGETED_DST_MAC : Network Bootstrap Completed. Proceeding with shortest path calculation________
2017-01-06 01:10:04,104 - DEBUG -  Unable to find path from  src_mac='33:33:00:00:00:fb' to dst_mac='22:74:0e:db:b6:81'  
2017-01-06 01:10:04,122 - DEBUG - __________RX_NO_BCAST_ONLY_TARGETED_DST_MAC : Network Bootstrap Completed. Proceeding with shortest path calculation________
2017-01-06 01:10:04,124 - DEBUG -  Unable to find path from  src_mac='33:33:00:00:00:fb' to dst_mac='22:94:44:b7:fd:76'  
2017-01-06 01:10:04,130 - DEBUG - __________RX_NO_BCAST_ONLY_TARGETED_DST_MAC : Network Bootstrap Completed. Proceeding with shortest path calculation________
2017-01-06 01:10:04,130 - DEBUG -  Unable to find path from  src_mac='33:33:00:00:00:fb' to dst_mac='02:9d:03:e5:68:c9'  
2017-01-06 01:10:04,132 - DEBUG - __________RX_NO_BCAST_ONLY_TARGETED_DST_MAC : Network Bootstrap Completed. Proceeding with shortest path calculation________
2017-01-06 01:10:04,133 - DEBUG -  Unable to find path from  src_mac='33:33:00:00:00:fb' to dst_mac='1a:9c:fa:58:2d:df'  
2017-01-06 01:10:04,171 - DEBUG - __________RX_NO_BCAST_ONLY_TARGETED_DST_MAC : Network Bootstrap Completed. Proceeding with shortest path calculation________
2017-01-06 01:10:04,172 - DEBUG -  Unable to find path from  src_mac='33:33:00:00:00:fb' to dst_mac='fe:12:0c:c2:a5:f3'  
2017-01-06 01:10:04,188 - DEBUG - __________RX_NO_BCAST_ONLY_TARGETED_DST_MAC : Network Bootstrap Completed. Proceeding with shortest path calculation________
2017-01-06 01:10:04,188 - DEBUG -  Unable to find path from  src_mac='33:33:00:00:00:fb' to dst_mac='7e:5c:08:38:20:b9'  
2017-01-06 01:10:04,194 - DEBUG - __________RX_NO_BCAST_ONLY_TARGETED_DST_MAC : Network Bootstrap Completed. Proceeding with shortest path calculation________
2017-01-06 01:10:04,194 - DEBUG -  Unable to find path from  src_mac='33:33:00:00:00:fb' to dst_mac='2a:da:1a:3e:c0:c5'  
2017-01-06 01:10:04,226 - DEBUG - __________RX_NO_BCAST_ONLY_TARGETED_DST_MAC : Network Bootstrap Completed. Proceeding with shortest path calculation________
2017-01-06 01:10:04,227 - DEBUG -  Unable to find path from  src_mac='33:33:00:00:00:fb' to dst_mac='32:0a:d0:e0:67:2f'  
2017-01-06 01:10:04,274 - DEBUG - __________RX_NO_BCAST_ONLY_TARGETED_DST_MAC : Network Bootstrap Completed. Proceeding with shortest path calculation________
2017-01-06 01:10:04,275 - DEBUG -  Unable to find path from  src_mac='33:33:00:00:00:fb' to dst_mac='56:51:b4:12:62:c9'  
2017-01-06 01:10:04,398 - DEBUG - __________RX_NO_BCAST_ONLY_TARGETED_DST_MAC : Network Bootstrap Completed. Proceeding with shortest path calculation________
2017-01-06 01:10:04,398 - DEBUG -  Unable to find path from  src_mac='33:33:00:00:00:fb' to dst_mac='b2:1e:6f:c4:a6:e5'  
2017-01-06 01:10:04,429 - DEBUG - __________RX_NO_BCAST_ONLY_TARGETED_DST_MAC : Network Bootstrap Completed. Proceeding with shortest path calculation________
2017-01-06 01:10:04,430 - DEBUG -  Unable to find path from  src_mac='33:33:00:00:00:fb' to dst_mac='7e:1a:91:89:79:07'  
2017-01-06 01:10:04,432 - DEBUG - __________RX_NO_BCAST_ONLY_TARGETED_DST_MAC : Network Bootstrap Completed. Proceeding with shortest path calculation________
2017-01-06 01:10:04,433 - DEBUG -  Unable to find path from  src_mac='33:33:00:00:00:fb' to dst_mac='ca:56:db:90:6d:ec'  
2017-01-06 01:10:04,549 - DEBUG - __________RX_NO_BCAST_ONLY_TARGETED_DST_MAC : Network Bootstrap Completed. Proceeding with shortest path calculation________
2017-01-06 01:10:04,553 - DEBUG -  Unable to find path from  src_mac='33:33:00:00:00:fb' to dst_mac='1a:63:9c:c4:29:88'  
2017-01-06 01:10:04,555 - DEBUG - __________RX_NO_BCAST_ONLY_TARGETED_DST_MAC : Network Bootstrap Completed. Proceeding with shortest path calculation________
2017-01-06 01:10:04,556 - DEBUG -  Unable to find path from  src_mac='33:33:00:00:00:fb' to dst_mac='92:f6:43:88:86:a6'  
2017-01-06 01:10:04,605 - DEBUG - __________RX_NO_BCAST_ONLY_TARGETED_DST_MAC : Network Bootstrap Completed. Proceeding with shortest path calculation________
2017-01-06 01:10:04,606 - DEBUG -  Unable to find path from  src_mac='33:33:00:00:00:fb' to dst_mac='3e:e0:cb:be:9b:1f'  
2017-01-06 01:10:04,612 - DEBUG - __________RX_NO_BCAST_ONLY_TARGETED_DST_MAC : Network Bootstrap Completed. Proceeding with shortest path calculation________
2017-01-06 01:10:04,613 - DEBUG -  Unable to find path from  src_mac='33:33:00:00:00:fb' to dst_mac='32:8e:20:80:31:4e'  
2017-01-06 01:10:04,621 - DEBUG - __________RX_NO_BCAST_ONLY_TARGETED_DST_MAC : Network Bootstrap Completed. Proceeding with shortest path calculation________
2017-01-06 01:10:04,622 - DEBUG -  Unable to find path from  src_mac='33:33:00:00:00:fb' to dst_mac='ee:57:cb:0b:54:57'  
2017-01-06 01:10:04,785 - DEBUG - __________RX_NO_BCAST_ONLY_TARGETED_DST_MAC : Network Bootstrap Completed. Proceeding with shortest path calculation________
2017-01-06 01:10:04,785 - DEBUG -  Unable to find path from  src_mac='33:33:00:00:00:fb' to dst_mac='42:70:f4:eb:41:55'  
