2017-01-06 01:27:52,848 - INFO - Initializing CPM routelogger
2017-01-06 01:29:06,505 - DEBUG - __________RX_NO_BCAST_ONLY_TARGETED_DST_MAC : Network Bootstrap Completed. Proceeding with shortest path calculation________
2017-01-06 01:29:06,505 - DEBUG - SPATH: Received ARP to specific dst mac '00:00:00:00:02:01' that exist in our graph
2017-01-06 01:29:06,505 - DEBUG - SPATH Do we have a path to this destination mac? src= '00:00:00:00:02:01' , dst = '00:00:00:00:01:02' 
2017-01-06 01:29:15,509 - DEBUG - __________RX_NO_BCAST_ONLY_TARGETED_DST_MAC : Network Bootstrap Completed. Proceeding with shortest path calculation________
2017-01-06 01:29:15,509 - DEBUG - SPATH: Received ARP to specific dst mac '00:00:00:00:02:02' that exist in our graph
2017-01-06 01:29:15,510 - DEBUG - SPATH Do we have a path to this destination mac? src= '00:00:00:00:02:02' , dst = '00:00:00:00:01:02' 
2017-01-06 01:29:17,691 - DEBUG - __________RX_NO_BCAST_ONLY_TARGETED_DST_MAC : Network Bootstrap Completed. Proceeding with shortest path calculation________
2017-01-06 01:29:17,691 - DEBUG -  Unable to find path from  src_mac='33:33:00:00:00:fb' to dst_mac='7e:3e:0f:a2:a8:71'  
2017-01-06 01:29:17,692 - DEBUG - __________RX_NO_BCAST_ONLY_TARGETED_DST_MAC : Network Bootstrap Completed. Proceeding with shortest path calculation________
2017-01-06 01:29:17,692 - DEBUG -  Unable to find path from  src_mac='33:33:00:00:00:fb' to dst_mac='06:e6:ef:f8:6e:06'  
2017-01-06 01:29:17,746 - DEBUG - __________RX_NO_BCAST_ONLY_TARGETED_DST_MAC : Network Bootstrap Completed. Proceeding with shortest path calculation________
2017-01-06 01:29:17,746 - DEBUG -  Unable to find path from  src_mac='33:33:00:00:00:fb' to dst_mac='d2:be:93:8a:22:62'  
2017-01-06 01:29:17,826 - DEBUG - __________RX_NO_BCAST_ONLY_TARGETED_DST_MAC : Network Bootstrap Completed. Proceeding with shortest path calculation________
2017-01-06 01:29:17,827 - DEBUG -  Unable to find path from  src_mac='33:33:00:00:00:fb' to dst_mac='4e:cb:1b:01:a3:20'  
2017-01-06 01:29:17,834 - DEBUG - __________RX_NO_BCAST_ONLY_TARGETED_DST_MAC : Network Bootstrap Completed. Proceeding with shortest path calculation________
2017-01-06 01:29:17,834 - DEBUG -  Unable to find path from  src_mac='33:33:00:00:00:fb' to dst_mac='f6:0c:d8:d9:ee:72'  
2017-01-06 01:29:17,897 - DEBUG - __________RX_NO_BCAST_ONLY_TARGETED_DST_MAC : Network Bootstrap Completed. Proceeding with shortest path calculation________
2017-01-06 01:29:17,897 - DEBUG -  Unable to find path from  src_mac='33:33:00:00:00:fb' to dst_mac='0a:35:9b:3e:79:db'  
2017-01-06 01:29:17,899 - DEBUG - __________RX_NO_BCAST_ONLY_TARGETED_DST_MAC : Network Bootstrap Completed. Proceeding with shortest path calculation________
2017-01-06 01:29:17,899 - DEBUG -  Unable to find path from  src_mac='33:33:00:00:00:fb' to dst_mac='a6:d1:3d:a1:8c:d8'  
2017-01-06 01:29:17,952 - DEBUG - __________RX_NO_BCAST_ONLY_TARGETED_DST_MAC : Network Bootstrap Completed. Proceeding with shortest path calculation________
2017-01-06 01:29:17,952 - DEBUG -  Unable to find path from  src_mac='33:33:00:00:00:fb' to dst_mac='fa:f0:2d:ef:b6:50'  
2017-01-06 01:29:17,976 - DEBUG - __________RX_NO_BCAST_ONLY_TARGETED_DST_MAC : Network Bootstrap Completed. Proceeding with shortest path calculation________
2017-01-06 01:29:17,976 - DEBUG -  Unable to find path from  src_mac='33:33:00:00:00:fb' to dst_mac='46:df:03:df:fc:c8'  
2017-01-06 01:29:17,977 - DEBUG - __________RX_NO_BCAST_ONLY_TARGETED_DST_MAC : Network Bootstrap Completed. Proceeding with shortest path calculation________
2017-01-06 01:29:17,977 - DEBUG -  Unable to find path from  src_mac='33:33:00:00:00:fb' to dst_mac='c2:70:e7:0c:ec:4e'  
2017-01-06 01:29:17,983 - DEBUG - __________RX_NO_BCAST_ONLY_TARGETED_DST_MAC : Network Bootstrap Completed. Proceeding with shortest path calculation________
2017-01-06 01:29:17,983 - DEBUG -  Unable to find path from  src_mac='33:33:00:00:00:fb' to dst_mac='56:bf:f0:54:f2:87'  
2017-01-06 01:29:18,039 - DEBUG - __________RX_NO_BCAST_ONLY_TARGETED_DST_MAC : Network Bootstrap Completed. Proceeding with shortest path calculation________
2017-01-06 01:29:18,039 - DEBUG -  Unable to find path from  src_mac='33:33:00:00:00:fb' to dst_mac='e6:49:05:42:9c:cd'  
2017-01-06 01:29:18,041 - DEBUG - __________RX_NO_BCAST_ONLY_TARGETED_DST_MAC : Network Bootstrap Completed. Proceeding with shortest path calculation________
2017-01-06 01:29:18,041 - DEBUG -  Unable to find path from  src_mac='33:33:00:00:00:fb' to dst_mac='a2:dc:89:4d:db:2e'  
2017-01-06 01:29:18,057 - DEBUG - __________RX_NO_BCAST_ONLY_TARGETED_DST_MAC : Network Bootstrap Completed. Proceeding with shortest path calculation________
2017-01-06 01:29:18,058 - DEBUG -  Unable to find path from  src_mac='33:33:00:00:00:fb' to dst_mac='ca:e1:45:e3:00:83'  
2017-01-06 01:29:18,093 - DEBUG - __________RX_NO_BCAST_ONLY_TARGETED_DST_MAC : Network Bootstrap Completed. Proceeding with shortest path calculation________
2017-01-06 01:29:18,093 - DEBUG -  Unable to find path from  src_mac='33:33:00:00:00:fb' to dst_mac='3e:09:87:be:a4:7f'  
2017-01-06 01:29:18,140 - DEBUG - __________RX_NO_BCAST_ONLY_TARGETED_DST_MAC : Network Bootstrap Completed. Proceeding with shortest path calculation________
2017-01-06 01:29:18,141 - DEBUG -  Unable to find path from  src_mac='33:33:00:00:00:fb' to dst_mac='22:33:ca:e5:f3:66'  
2017-01-06 01:29:18,161 - DEBUG - __________RX_NO_BCAST_ONLY_TARGETED_DST_MAC : Network Bootstrap Completed. Proceeding with shortest path calculation________
2017-01-06 01:29:18,162 - DEBUG -  Unable to find path from  src_mac='33:33:00:00:00:fb' to dst_mac='3a:5a:5a:f0:28:81'  
2017-01-06 01:29:18,284 - DEBUG - __________RX_NO_BCAST_ONLY_TARGETED_DST_MAC : Network Bootstrap Completed. Proceeding with shortest path calculation________
2017-01-06 01:29:18,284 - DEBUG -  Unable to find path from  src_mac='33:33:00:00:00:fb' to dst_mac='d6:2c:d9:34:05:b6'  
2017-01-06 01:29:18,347 - DEBUG - __________RX_NO_BCAST_ONLY_TARGETED_DST_MAC : Network Bootstrap Completed. Proceeding with shortest path calculation________
2017-01-06 01:29:18,347 - DEBUG -  Unable to find path from  src_mac='33:33:00:00:00:fb' to dst_mac='52:80:de:01:6b:b1'  
2017-01-06 01:29:18,359 - DEBUG - __________RX_NO_BCAST_ONLY_TARGETED_DST_MAC : Network Bootstrap Completed. Proceeding with shortest path calculation________
2017-01-06 01:29:18,360 - DEBUG -  Unable to find path from  src_mac='33:33:00:00:00:fb' to dst_mac='5e:36:8b:e0:47:8e'  
2017-01-06 01:29:18,428 - DEBUG - __________RX_NO_BCAST_ONLY_TARGETED_DST_MAC : Network Bootstrap Completed. Proceeding with shortest path calculation________
2017-01-06 01:29:18,428 - DEBUG -  Unable to find path from  src_mac='33:33:00:00:00:fb' to dst_mac='92:1c:f2:84:e4:68'  
2017-01-06 01:29:18,492 - DEBUG - __________RX_NO_BCAST_ONLY_TARGETED_DST_MAC : Network Bootstrap Completed. Proceeding with shortest path calculation________
2017-01-06 01:29:18,492 - DEBUG -  Unable to find path from  src_mac='33:33:00:00:00:fb' to dst_mac='da:6c:de:91:98:64'  
2017-01-06 01:29:18,501 - DEBUG - __________RX_NO_BCAST_ONLY_TARGETED_DST_MAC : Network Bootstrap Completed. Proceeding with shortest path calculation________
2017-01-06 01:29:18,501 - DEBUG -  Unable to find path from  src_mac='33:33:00:00:00:fb' to dst_mac='ce:74:7b:c5:6e:f7'  
2017-01-06 01:29:18,503 - DEBUG - __________RX_NO_BCAST_ONLY_TARGETED_DST_MAC : Network Bootstrap Completed. Proceeding with shortest path calculation________
2017-01-06 01:29:18,503 - DEBUG -  Unable to find path from  src_mac='33:33:00:00:00:fb' to dst_mac='fe:0c:20:1a:1d:a0'  
2017-01-06 01:29:18,522 - DEBUG - __________RX_NO_BCAST_ONLY_TARGETED_DST_MAC : Network Bootstrap Completed. Proceeding with shortest path calculation________
2017-01-06 01:29:18,522 - DEBUG -  Unable to find path from  src_mac='33:33:00:00:00:fb' to dst_mac='86:b7:f5:aa:38:02'  
2017-01-06 01:29:18,523 - DEBUG - __________RX_NO_BCAST_ONLY_TARGETED_DST_MAC : Network Bootstrap Completed. Proceeding with shortest path calculation________
2017-01-06 01:29:18,524 - DEBUG -  Unable to find path from  src_mac='33:33:00:00:00:fb' to dst_mac='ce:8b:cd:1c:60:8a'  
2017-01-06 01:29:18,584 - DEBUG - __________RX_NO_BCAST_ONLY_TARGETED_DST_MAC : Network Bootstrap Completed. Proceeding with shortest path calculation________
2017-01-06 01:29:18,584 - DEBUG -  Unable to find path from  src_mac='33:33:00:00:00:fb' to dst_mac='76:f4:45:1f:b0:45'  
2017-01-06 01:29:18,694 - DEBUG - __________RX_NO_BCAST_ONLY_TARGETED_DST_MAC : Network Bootstrap Completed. Proceeding with shortest path calculation________
2017-01-06 01:29:18,694 - DEBUG -  Unable to find path from  src_mac='33:33:00:00:00:fb' to dst_mac='46:69:99:33:9b:1a'  
2017-01-06 01:29:25,512 - DEBUG - __________RX_NO_BCAST_ONLY_TARGETED_DST_MAC : Network Bootstrap Completed. Proceeding with shortest path calculation________
2017-01-06 01:29:25,512 - DEBUG - SPATH: Received ARP to specific dst mac '00:00:00:00:01:01' that exist in our graph
2017-01-06 01:29:25,512 - DEBUG - SPATH Do we have a path to this destination mac? src= '00:00:00:00:01:01' , dst = '00:00:00:00:01:02' 
2017-01-06 01:30:21,700 - DEBUG - __________RX_NO_BCAST_ONLY_TARGETED_DST_MAC : Network Bootstrap Completed. Proceeding with shortest path calculation________
2017-01-06 01:30:21,700 - DEBUG -  Unable to find path from  src_mac='33:33:00:00:00:fb' to dst_mac='06:e6:ef:f8:6e:06'  
2017-01-06 01:30:21,700 - DEBUG - __________RX_NO_BCAST_ONLY_TARGETED_DST_MAC : Network Bootstrap Completed. Proceeding with shortest path calculation________
2017-01-06 01:30:21,701 - DEBUG -  Unable to find path from  src_mac='33:33:00:00:00:fb' to dst_mac='7e:3e:0f:a2:a8:71'  
2017-01-06 01:30:21,746 - DEBUG - __________RX_NO_BCAST_ONLY_TARGETED_DST_MAC : Network Bootstrap Completed. Proceeding with shortest path calculation________
2017-01-06 01:30:21,746 - DEBUG -  Unable to find path from  src_mac='33:33:00:00:00:fb' to dst_mac='d2:be:93:8a:22:62'  
2017-01-06 01:30:21,841 - DEBUG - __________RX_NO_BCAST_ONLY_TARGETED_DST_MAC : Network Bootstrap Completed. Proceeding with shortest path calculation________
2017-01-06 01:30:21,841 - DEBUG -  Unable to find path from  src_mac='33:33:00:00:00:fb' to dst_mac='f6:0c:d8:d9:ee:72'  
2017-01-06 01:30:21,842 - DEBUG - __________RX_NO_BCAST_ONLY_TARGETED_DST_MAC : Network Bootstrap Completed. Proceeding with shortest path calculation________
2017-01-06 01:30:21,842 - DEBUG -  Unable to find path from  src_mac='33:33:00:00:00:fb' to dst_mac='4e:cb:1b:01:a3:20'  
2017-01-06 01:30:21,898 - DEBUG - __________RX_NO_BCAST_ONLY_TARGETED_DST_MAC : Network Bootstrap Completed. Proceeding with shortest path calculation________
2017-01-06 01:30:21,898 - DEBUG -  Unable to find path from  src_mac='33:33:00:00:00:fb' to dst_mac='0a:35:9b:3e:79:db'  
2017-01-06 01:30:21,898 - DEBUG - __________RX_NO_BCAST_ONLY_TARGETED_DST_MAC : Network Bootstrap Completed. Proceeding with shortest path calculation________
2017-01-06 01:30:21,898 - DEBUG -  Unable to find path from  src_mac='33:33:00:00:00:fb' to dst_mac='a6:d1:3d:a1:8c:d8'  
2017-01-06 01:30:21,958 - DEBUG - __________RX_NO_BCAST_ONLY_TARGETED_DST_MAC : Network Bootstrap Completed. Proceeding with shortest path calculation________
2017-01-06 01:30:21,958 - DEBUG -  Unable to find path from  src_mac='33:33:00:00:00:fb' to dst_mac='fa:f0:2d:ef:b6:50'  
2017-01-06 01:30:22,031 - DEBUG - __________RX_NO_BCAST_ONLY_TARGETED_DST_MAC : Network Bootstrap Completed. Proceeding with shortest path calculation________
2017-01-06 01:30:22,031 - DEBUG -  Unable to find path from  src_mac='33:33:00:00:00:fb' to dst_mac='46:df:03:df:fc:c8'  
2017-01-06 01:30:22,032 - DEBUG - __________RX_NO_BCAST_ONLY_TARGETED_DST_MAC : Network Bootstrap Completed. Proceeding with shortest path calculation________
2017-01-06 01:30:22,032 - DEBUG -  Unable to find path from  src_mac='33:33:00:00:00:fb' to dst_mac='c2:70:e7:0c:ec:4e'  
2017-01-06 01:30:22,034 - DEBUG - __________RX_NO_BCAST_ONLY_TARGETED_DST_MAC : Network Bootstrap Completed. Proceeding with shortest path calculation________
2017-01-06 01:30:22,034 - DEBUG -  Unable to find path from  src_mac='33:33:00:00:00:fb' to dst_mac='56:bf:f0:54:f2:87'  
2017-01-06 01:30:22,042 - DEBUG - __________RX_NO_BCAST_ONLY_TARGETED_DST_MAC : Network Bootstrap Completed. Proceeding with shortest path calculation________
2017-01-06 01:30:22,042 - DEBUG -  Unable to find path from  src_mac='33:33:00:00:00:fb' to dst_mac='e6:49:05:42:9c:cd'  
2017-01-06 01:30:22,042 - DEBUG - __________RX_NO_BCAST_ONLY_TARGETED_DST_MAC : Network Bootstrap Completed. Proceeding with shortest path calculation________
2017-01-06 01:30:22,043 - DEBUG -  Unable to find path from  src_mac='33:33:00:00:00:fb' to dst_mac='a2:dc:89:4d:db:2e'  
2017-01-06 01:30:22,055 - DEBUG - __________RX_NO_BCAST_ONLY_TARGETED_DST_MAC : Network Bootstrap Completed. Proceeding with shortest path calculation________
2017-01-06 01:30:22,056 - DEBUG -  Unable to find path from  src_mac='33:33:00:00:00:fb' to dst_mac='ca:e1:45:e3:00:83'  
2017-01-06 01:30:22,133 - DEBUG - __________RX_NO_BCAST_ONLY_TARGETED_DST_MAC : Network Bootstrap Completed. Proceeding with shortest path calculation________
2017-01-06 01:30:22,133 - DEBUG -  Unable to find path from  src_mac='33:33:00:00:00:fb' to dst_mac='3e:09:87:be:a4:7f'  
2017-01-06 01:30:22,142 - DEBUG - __________RX_NO_BCAST_ONLY_TARGETED_DST_MAC : Network Bootstrap Completed. Proceeding with shortest path calculation________
2017-01-06 01:30:22,142 - DEBUG -  Unable to find path from  src_mac='33:33:00:00:00:fb' to dst_mac='22:33:ca:e5:f3:66'  
2017-01-06 01:30:22,164 - DEBUG - __________RX_NO_BCAST_ONLY_TARGETED_DST_MAC : Network Bootstrap Completed. Proceeding with shortest path calculation________
2017-01-06 01:30:22,164 - DEBUG -  Unable to find path from  src_mac='33:33:00:00:00:fb' to dst_mac='3a:5a:5a:f0:28:81'  
2017-01-06 01:30:22,281 - DEBUG - __________RX_NO_BCAST_ONLY_TARGETED_DST_MAC : Network Bootstrap Completed. Proceeding with shortest path calculation________
2017-01-06 01:30:22,281 - DEBUG -  Unable to find path from  src_mac='33:33:00:00:00:fb' to dst_mac='d6:2c:d9:34:05:b6'  
2017-01-06 01:30:22,314 - DEBUG - __________RX_NO_BCAST_ONLY_TARGETED_DST_MAC : Network Bootstrap Completed. Proceeding with shortest path calculation________
2017-01-06 01:30:22,314 - DEBUG -  Unable to find path from  src_mac='33:33:00:00:00:fb' to dst_mac='5e:36:8b:e0:47:8e'  
2017-01-06 01:30:22,314 - DEBUG - __________RX_NO_BCAST_ONLY_TARGETED_DST_MAC : Network Bootstrap Completed. Proceeding with shortest path calculation________
2017-01-06 01:30:22,315 - DEBUG -  Unable to find path from  src_mac='33:33:00:00:00:fb' to dst_mac='52:80:de:01:6b:b1'  
2017-01-06 01:30:22,374 - DEBUG - __________RX_NO_BCAST_ONLY_TARGETED_DST_MAC : Network Bootstrap Completed. Proceeding with shortest path calculation________
2017-01-06 01:30:22,374 - DEBUG -  Unable to find path from  src_mac='33:33:00:00:00:fb' to dst_mac='92:1c:f2:84:e4:68'  
2017-01-06 01:30:22,458 - DEBUG - __________RX_NO_BCAST_ONLY_TARGETED_DST_MAC : Network Bootstrap Completed. Proceeding with shortest path calculation________
2017-01-06 01:30:22,458 - DEBUG -  Unable to find path from  src_mac='33:33:00:00:00:fb' to dst_mac='da:6c:de:91:98:64'  
2017-01-06 01:30:22,459 - DEBUG - __________RX_NO_BCAST_ONLY_TARGETED_DST_MAC : Network Bootstrap Completed. Proceeding with shortest path calculation________
2017-01-06 01:30:22,459 - DEBUG -  Unable to find path from  src_mac='33:33:00:00:00:fb' to dst_mac='ce:74:7b:c5:6e:f7'  
2017-01-06 01:30:22,459 - DEBUG - __________RX_NO_BCAST_ONLY_TARGETED_DST_MAC : Network Bootstrap Completed. Proceeding with shortest path calculation________
2017-01-06 01:30:22,460 - DEBUG -  Unable to find path from  src_mac='33:33:00:00:00:fb' to dst_mac='fe:0c:20:1a:1d:a0'  
2017-01-06 01:30:22,523 - DEBUG - __________RX_NO_BCAST_ONLY_TARGETED_DST_MAC : Network Bootstrap Completed. Proceeding with shortest path calculation________
2017-01-06 01:30:22,523 - DEBUG -  Unable to find path from  src_mac='33:33:00:00:00:fb' to dst_mac='86:b7:f5:aa:38:02'  
2017-01-06 01:30:22,524 - DEBUG - __________RX_NO_BCAST_ONLY_TARGETED_DST_MAC : Network Bootstrap Completed. Proceeding with shortest path calculation________
2017-01-06 01:30:22,524 - DEBUG -  Unable to find path from  src_mac='33:33:00:00:00:fb' to dst_mac='ce:8b:cd:1c:60:8a'  
2017-01-06 01:30:22,599 - DEBUG - __________RX_NO_BCAST_ONLY_TARGETED_DST_MAC : Network Bootstrap Completed. Proceeding with shortest path calculation________
2017-01-06 01:30:22,599 - DEBUG -  Unable to find path from  src_mac='33:33:00:00:00:fb' to dst_mac='76:f4:45:1f:b0:45'  
2017-01-06 01:30:22,701 - DEBUG - __________RX_NO_BCAST_ONLY_TARGETED_DST_MAC : Network Bootstrap Completed. Proceeding with shortest path calculation________
2017-01-06 01:30:22,701 - DEBUG -  Unable to find path from  src_mac='33:33:00:00:00:fb' to dst_mac='46:69:99:33:9b:1a'  
2017-01-06 01:30:31,371 - DEBUG - __________RX_NO_BCAST_ONLY_TARGETED_DST_MAC : Network Bootstrap Completed. Proceeding with shortest path calculation________
2017-01-06 01:30:31,372 - DEBUG - SPATH: Received ARP to specific dst mac '00:00:00:00:02:02' that exist in our graph
2017-01-06 01:30:31,372 - DEBUG - SPATH Do we have a path to this destination mac? src= '00:00:00:00:02:02' , dst = '00:00:00:00:02:01' 
2017-01-06 01:30:41,338 - DEBUG - __________RX_NO_BCAST_ONLY_TARGETED_DST_MAC : Network Bootstrap Completed. Proceeding with shortest path calculation________
2017-01-06 01:30:41,338 - DEBUG - SPATH: Received ARP to specific dst mac '00:00:00:00:01:01' that exist in our graph
2017-01-06 01:30:41,338 - DEBUG - SPATH Do we have a path to this destination mac? src= '00:00:00:00:01:01' , dst = '00:00:00:00:02:01' 
2017-01-06 01:30:51,338 - DEBUG - __________RX_NO_BCAST_ONLY_TARGETED_DST_MAC : Network Bootstrap Completed. Proceeding with shortest path calculation________
2017-01-06 01:30:51,339 - DEBUG - SPATH: Received ARP to specific dst mac '00:00:00:00:01:02' that exist in our graph
2017-01-06 01:30:51,339 - DEBUG - SPATH Do we have a path to this destination mac? src= '00:00:00:00:01:02' , dst = '00:00:00:00:02:01' 
2017-01-06 01:31:01,340 - DEBUG - __________RX_NO_BCAST_ONLY_TARGETED_DST_MAC : Network Bootstrap Completed. Proceeding with shortest path calculation________
2017-01-06 01:31:01,341 - DEBUG - SPATH: Received ARP to specific dst mac '00:00:00:00:02:01' that exist in our graph
2017-01-06 01:31:01,341 - DEBUG - SPATH Do we have a path to this destination mac? src= '00:00:00:00:02:01' , dst = '00:00:00:00:02:02' 
2017-01-06 01:31:06,342 - DEBUG - __________RX_NO_BCAST_ONLY_TARGETED_DST_MAC : Network Bootstrap Completed. Proceeding with shortest path calculation________
2017-01-06 01:31:06,343 - DEBUG - SPATH: Received ARP to specific dst mac '00:00:00:00:02:01' that exist in our graph
2017-01-06 01:31:06,343 - DEBUG - SPATH Do we have a path to this destination mac? src= '00:00:00:00:02:01' , dst = '00:00:00:00:02:02' 
2017-01-06 01:31:06,399 - DEBUG - Installing path : ['00:00:00:00:02:02', 23, '00:00:00:00:02:01']
2017-01-06 01:31:06,400 - DEBUG - Installing rule : iteration = 1
2017-01-06 01:31:06,400 - DEBUG - FWD FLOW in_port computed = self.net.edge['00:00:00:00:02:02'][23]['dst_port'] = 5
2017-01-06 01:31:06,400 - DEBUG - FWD FLOW out_port computed = self.net.edge[23]['00:00:00:00:02:01']['src_port'] = 4 
2017-01-06 01:31:06,400 - DEBUG - FLOWMOD_1 : installing rule: '00:00:00:00:02:02' -----> 5 ==== 23 === 4 -----> '00:00:00:00:02:01' 
2017-01-06 01:31:06,401 - DEBUG - Installing rule : iteration = 1  
2017-01-06 01:31:06,401 - DEBUG - REV FLOW in_port computed = self.net.edge['00:00:00:00:02:01'][23]['dst_port/in_port'] = 4
2017-01-06 01:31:06,401 - DEBUG - REV LOW out_port computed = self.net.edge[23]['00:00:00:00:02:02']['src_port/out_port'] = 5
2017-01-06 01:31:06,401 - DEBUG - FLOWMOD_1 : installing rule: '00:00:00:00:02:01' -----> 4 ==== 23 === 5 -----> '00:00:00:00:02:02' 
2017-01-06 01:31:11,342 - DEBUG - __________RX_NO_BCAST_ONLY_TARGETED_DST_MAC : Network Bootstrap Completed. Proceeding with shortest path calculation________
2017-01-06 01:31:11,342 - DEBUG - SPATH: Received ARP to specific dst mac '00:00:00:00:01:01' that exist in our graph
2017-01-06 01:31:11,342 - DEBUG - SPATH Do we have a path to this destination mac? src= '00:00:00:00:01:01' , dst = '00:00:00:00:02:02' 
2017-01-06 01:31:21,346 - DEBUG - __________RX_NO_BCAST_ONLY_TARGETED_DST_MAC : Network Bootstrap Completed. Proceeding with shortest path calculation________
2017-01-06 01:31:21,346 - DEBUG - SPATH: Received ARP to specific dst mac '00:00:00:00:01:02' that exist in our graph
2017-01-06 01:31:21,346 - DEBUG - SPATH Do we have a path to this destination mac? src= '00:00:00:00:01:02' , dst = '00:00:00:00:02:02' 
2017-01-06 01:31:31,350 - DEBUG - __________RX_NO_BCAST_ONLY_TARGETED_DST_MAC : Network Bootstrap Completed. Proceeding with shortest path calculation________
2017-01-06 01:31:31,351 - DEBUG - SPATH: Received ARP to specific dst mac '00:00:00:00:02:01' that exist in our graph
2017-01-06 01:31:31,351 - DEBUG - SPATH Do we have a path to this destination mac? src= '00:00:00:00:02:01' , dst = '00:00:00:00:01:01' 
2017-01-06 01:31:36,353 - DEBUG - __________RX_NO_BCAST_ONLY_TARGETED_DST_MAC : Network Bootstrap Completed. Proceeding with shortest path calculation________
2017-01-06 01:31:36,353 - DEBUG - SPATH: Received ARP to specific dst mac '00:00:00:00:02:01' that exist in our graph
2017-01-06 01:31:36,353 - DEBUG - SPATH Do we have a path to this destination mac? src= '00:00:00:00:02:01' , dst = '00:00:00:00:01:01' 
2017-01-06 01:31:36,464 - DEBUG - Installing path : ['00:00:00:00:01:01', 21, 22, 23, '00:00:00:00:02:01']
2017-01-06 01:31:36,464 - DEBUG - Installing rule : iteration = 1
2017-01-06 01:31:36,464 - DEBUG - FWD FLOW in_port computed = self.net.edge['00:00:00:00:01:01'][21]['dst_port'] = 3
2017-01-06 01:31:36,464 - DEBUG - FWD FLOW out_port computed = self.net.edge[21][22]['src_port'] = 2 
2017-01-06 01:31:36,464 - DEBUG - FLOWMOD_1 : installing rule: '00:00:00:00:01:01' -----> 3 ==== 21 === 2 -----> '00:00:00:00:02:01' 
2017-01-06 01:31:36,465 - DEBUG - Installing rule : iteration = 2
2017-01-06 01:31:36,465 - DEBUG - FWD FLOW in_port computed = self.net.edge[21][22]['dst_port'] = 3
2017-01-06 01:31:36,465 - DEBUG - FWD FLOW out_port computed = self.net.edge[22][23]['src_port'] = 4 
2017-01-06 01:31:36,465 - DEBUG - FLOWMOD_1 : installing rule: '00:00:00:00:01:01' -----> 3 ==== 22 === 4 -----> '00:00:00:00:02:01' 
2017-01-06 01:31:36,466 - DEBUG - Installing rule : iteration = 3
2017-01-06 01:31:36,466 - DEBUG - FWD FLOW in_port computed = self.net.edge[22][23]['dst_port'] = 2
2017-01-06 01:31:36,466 - DEBUG - FWD FLOW out_port computed = self.net.edge[23]['00:00:00:00:02:01']['src_port'] = 4 
2017-01-06 01:31:36,466 - DEBUG - FLOWMOD_1 : installing rule: '00:00:00:00:01:01' -----> 2 ==== 23 === 4 -----> '00:00:00:00:02:01' 
2017-01-06 01:31:36,466 - DEBUG - Installing rule : iteration = 3  
2017-01-06 01:31:36,467 - DEBUG - REV FLOW in_port computed = self.net.edge['00:00:00:00:02:01'][23]['dst_port/in_port'] = 4
2017-01-06 01:31:36,467 - DEBUG - REV LOW out_port computed = self.net.edge[23][22]['src_port/out_port'] = 2
2017-01-06 01:31:36,467 - DEBUG - FLOWMOD_1 : installing rule: '00:00:00:00:02:01' -----> 4 ==== 23 === 2 -----> '00:00:00:00:01:01' 
2017-01-06 01:31:36,472 - DEBUG - Installing rule : iteration = 2  
2017-01-06 01:31:36,472 - DEBUG - REV FLOW in_port computed = self.net.edge[23][22]['dst_port/in_port'] = 4
2017-01-06 01:31:36,472 - DEBUG - REV LOW out_port computed = self.net.edge[22][21]['src_port/out_port'] = 3
2017-01-06 01:31:36,472 - DEBUG - FLOWMOD_1 : installing rule: '00:00:00:00:02:01' -----> 4 ==== 22 === 3 -----> '00:00:00:00:01:01' 
2017-01-06 01:31:36,473 - DEBUG - Installing rule : iteration = 1  
2017-01-06 01:31:36,473 - DEBUG - REV FLOW in_port computed = self.net.edge[22][21]['dst_port/in_port'] = 2
2017-01-06 01:31:36,473 - DEBUG - REV LOW out_port computed = self.net.edge[21]['00:00:00:00:01:01']['src_port/out_port'] = 3
2017-01-06 01:31:36,473 - DEBUG - FLOWMOD_1 : installing rule: '00:00:00:00:02:01' -----> 2 ==== 21 === 3 -----> '00:00:00:00:01:01' 
2017-01-06 01:31:41,353 - DEBUG - __________RX_NO_BCAST_ONLY_TARGETED_DST_MAC : Network Bootstrap Completed. Proceeding with shortest path calculation________
2017-01-06 01:31:41,353 - DEBUG - SPATH: Received ARP to specific dst mac '00:00:00:00:02:02' that exist in our graph
2017-01-06 01:31:41,353 - DEBUG - SPATH Do we have a path to this destination mac? src= '00:00:00:00:02:02' , dst = '00:00:00:00:01:01' 
2017-01-06 01:31:46,354 - DEBUG - __________RX_NO_BCAST_ONLY_TARGETED_DST_MAC : Network Bootstrap Completed. Proceeding with shortest path calculation________
2017-01-06 01:31:46,354 - DEBUG - SPATH: Received ARP to specific dst mac '00:00:00:00:02:02' that exist in our graph
2017-01-06 01:31:46,354 - DEBUG - SPATH Do we have a path to this destination mac? src= '00:00:00:00:02:02' , dst = '00:00:00:00:01:01' 
2017-01-06 01:31:46,462 - DEBUG - Installing path : ['00:00:00:00:01:01', 21, 22, 23, '00:00:00:00:02:02']
2017-01-06 01:31:46,462 - DEBUG - Installing rule : iteration = 1
2017-01-06 01:31:46,462 - DEBUG - FWD FLOW in_port computed = self.net.edge['00:00:00:00:01:01'][21]['dst_port'] = 3
2017-01-06 01:31:46,462 - DEBUG - FWD FLOW out_port computed = self.net.edge[21][22]['src_port'] = 2 
2017-01-06 01:31:46,462 - DEBUG - FLOWMOD_1 : installing rule: '00:00:00:00:01:01' -----> 3 ==== 21 === 2 -----> '00:00:00:00:02:02' 
2017-01-06 01:31:46,470 - DEBUG - Installing rule : iteration = 2
2017-01-06 01:31:46,470 - DEBUG - FWD FLOW in_port computed = self.net.edge[21][22]['dst_port'] = 3
2017-01-06 01:31:46,470 - DEBUG - FWD FLOW out_port computed = self.net.edge[22][23]['src_port'] = 4 
2017-01-06 01:31:46,470 - DEBUG - FLOWMOD_1 : installing rule: '00:00:00:00:01:01' -----> 3 ==== 22 === 4 -----> '00:00:00:00:02:02' 
2017-01-06 01:31:46,471 - DEBUG - Installing rule : iteration = 3
2017-01-06 01:31:46,471 - DEBUG - FWD FLOW in_port computed = self.net.edge[22][23]['dst_port'] = 2
2017-01-06 01:31:46,471 - DEBUG - FWD FLOW out_port computed = self.net.edge[23]['00:00:00:00:02:02']['src_port'] = 5 
2017-01-06 01:31:46,471 - DEBUG - FLOWMOD_1 : installing rule: '00:00:00:00:01:01' -----> 2 ==== 23 === 5 -----> '00:00:00:00:02:02' 
2017-01-06 01:31:46,472 - DEBUG - Installing rule : iteration = 3  
2017-01-06 01:31:46,472 - DEBUG - REV FLOW in_port computed = self.net.edge['00:00:00:00:02:02'][23]['dst_port/in_port'] = 5
2017-01-06 01:31:46,472 - DEBUG - REV LOW out_port computed = self.net.edge[23][22]['src_port/out_port'] = 2
2017-01-06 01:31:46,472 - DEBUG - FLOWMOD_1 : installing rule: '00:00:00:00:02:02' -----> 5 ==== 23 === 2 -----> '00:00:00:00:01:01' 
2017-01-06 01:31:46,473 - DEBUG - Installing rule : iteration = 2  
2017-01-06 01:31:46,473 - DEBUG - REV FLOW in_port computed = self.net.edge[23][22]['dst_port/in_port'] = 4
2017-01-06 01:31:46,473 - DEBUG - REV LOW out_port computed = self.net.edge[22][21]['src_port/out_port'] = 3
2017-01-06 01:31:46,473 - DEBUG - FLOWMOD_1 : installing rule: '00:00:00:00:02:02' -----> 4 ==== 22 === 3 -----> '00:00:00:00:01:01' 
2017-01-06 01:31:46,474 - DEBUG - Installing rule : iteration = 1  
2017-01-06 01:31:46,475 - DEBUG - REV FLOW in_port computed = self.net.edge[22][21]['dst_port/in_port'] = 2
2017-01-06 01:31:46,475 - DEBUG - REV LOW out_port computed = self.net.edge[21]['00:00:00:00:01:01']['src_port/out_port'] = 3
2017-01-06 01:31:46,475 - DEBUG - FLOWMOD_1 : installing rule: '00:00:00:00:02:02' -----> 2 ==== 21 === 3 -----> '00:00:00:00:01:01' 
2017-01-06 01:32:29,826 - DEBUG - __________RX_NO_BCAST_ONLY_TARGETED_DST_MAC : Network Bootstrap Completed. Proceeding with shortest path calculation________
2017-01-06 01:32:29,826 - DEBUG -  Unable to find path from  src_mac='33:33:00:00:00:fb' to dst_mac='d2:be:93:8a:22:62'  
2017-01-06 01:32:29,827 - DEBUG - __________RX_NO_BCAST_ONLY_TARGETED_DST_MAC : Network Bootstrap Completed. Proceeding with shortest path calculation________
2017-01-06 01:32:29,827 - DEBUG -  Unable to find path from  src_mac='33:33:00:00:00:fb' to dst_mac='7e:3e:0f:a2:a8:71'  
2017-01-06 01:32:29,827 - DEBUG - __________RX_NO_BCAST_ONLY_TARGETED_DST_MAC : Network Bootstrap Completed. Proceeding with shortest path calculation________
2017-01-06 01:32:29,831 - DEBUG -  Unable to find path from  src_mac='33:33:00:00:00:fb' to dst_mac='06:e6:ef:f8:6e:06'  
2017-01-06 01:32:29,873 - DEBUG - __________RX_NO_BCAST_ONLY_TARGETED_DST_MAC : Network Bootstrap Completed. Proceeding with shortest path calculation________
2017-01-06 01:32:29,873 - DEBUG -  Unable to find path from  src_mac='33:33:00:00:00:fb' to dst_mac='4e:cb:1b:01:a3:20'  
2017-01-06 01:32:29,880 - DEBUG - __________RX_NO_BCAST_ONLY_TARGETED_DST_MAC : Network Bootstrap Completed. Proceeding with shortest path calculation________
2017-01-06 01:32:29,880 - DEBUG -  Unable to find path from  src_mac='33:33:00:00:00:fb' to dst_mac='f6:0c:d8:d9:ee:72'  
2017-01-06 01:32:29,910 - DEBUG - __________RX_NO_BCAST_ONLY_TARGETED_DST_MAC : Network Bootstrap Completed. Proceeding with shortest path calculation________
2017-01-06 01:32:29,911 - DEBUG -  Unable to find path from  src_mac='33:33:00:00:00:fb' to dst_mac='a6:d1:3d:a1:8c:d8'  
2017-01-06 01:32:29,913 - DEBUG - __________RX_NO_BCAST_ONLY_TARGETED_DST_MAC : Network Bootstrap Completed. Proceeding with shortest path calculation________
2017-01-06 01:32:29,914 - DEBUG -  Unable to find path from  src_mac='33:33:00:00:00:fb' to dst_mac='0a:35:9b:3e:79:db'  
2017-01-06 01:32:29,958 - DEBUG - __________RX_NO_BCAST_ONLY_TARGETED_DST_MAC : Network Bootstrap Completed. Proceeding with shortest path calculation________
2017-01-06 01:32:29,958 - DEBUG -  Unable to find path from  src_mac='33:33:00:00:00:fb' to dst_mac='fa:f0:2d:ef:b6:50'  
2017-01-06 01:32:29,978 - DEBUG - __________RX_NO_BCAST_ONLY_TARGETED_DST_MAC : Network Bootstrap Completed. Proceeding with shortest path calculation________
2017-01-06 01:32:29,979 - DEBUG -  Unable to find path from  src_mac='33:33:00:00:00:fb' to dst_mac='c2:70:e7:0c:ec:4e'  
2017-01-06 01:32:29,985 - DEBUG - __________RX_NO_BCAST_ONLY_TARGETED_DST_MAC : Network Bootstrap Completed. Proceeding with shortest path calculation________
2017-01-06 01:32:29,985 - DEBUG -  Unable to find path from  src_mac='33:33:00:00:00:fb' to dst_mac='56:bf:f0:54:f2:87'  
2017-01-06 01:32:29,986 - DEBUG - __________RX_NO_BCAST_ONLY_TARGETED_DST_MAC : Network Bootstrap Completed. Proceeding with shortest path calculation________
2017-01-06 01:32:29,986 - DEBUG -  Unable to find path from  src_mac='33:33:00:00:00:fb' to dst_mac='46:df:03:df:fc:c8'  
2017-01-06 01:32:30,042 - DEBUG - __________RX_NO_BCAST_ONLY_TARGETED_DST_MAC : Network Bootstrap Completed. Proceeding with shortest path calculation________
2017-01-06 01:32:30,042 - DEBUG -  Unable to find path from  src_mac='33:33:00:00:00:fb' to dst_mac='e6:49:05:42:9c:cd'  
2017-01-06 01:32:30,042 - DEBUG - __________RX_NO_BCAST_ONLY_TARGETED_DST_MAC : Network Bootstrap Completed. Proceeding with shortest path calculation________
2017-01-06 01:32:30,042 - DEBUG -  Unable to find path from  src_mac='33:33:00:00:00:fb' to dst_mac='a2:dc:89:4d:db:2e'  
2017-01-06 01:32:30,057 - DEBUG - __________RX_NO_BCAST_ONLY_TARGETED_DST_MAC : Network Bootstrap Completed. Proceeding with shortest path calculation________
2017-01-06 01:32:30,057 - DEBUG -  Unable to find path from  src_mac='33:33:00:00:00:fb' to dst_mac='ca:e1:45:e3:00:83'  
2017-01-06 01:32:30,134 - DEBUG - __________RX_NO_BCAST_ONLY_TARGETED_DST_MAC : Network Bootstrap Completed. Proceeding with shortest path calculation________
2017-01-06 01:32:30,135 - DEBUG -  Unable to find path from  src_mac='33:33:00:00:00:fb' to dst_mac='3e:09:87:be:a4:7f'  
2017-01-06 01:32:30,145 - DEBUG - __________RX_NO_BCAST_ONLY_TARGETED_DST_MAC : Network Bootstrap Completed. Proceeding with shortest path calculation________
2017-01-06 01:32:30,145 - DEBUG -  Unable to find path from  src_mac='33:33:00:00:00:fb' to dst_mac='22:33:ca:e5:f3:66'  
2017-01-06 01:32:30,164 - DEBUG - __________RX_NO_BCAST_ONLY_TARGETED_DST_MAC : Network Bootstrap Completed. Proceeding with shortest path calculation________
2017-01-06 01:32:30,164 - DEBUG -  Unable to find path from  src_mac='33:33:00:00:00:fb' to dst_mac='3a:5a:5a:f0:28:81'  
2017-01-06 01:32:30,281 - DEBUG - __________RX_NO_BCAST_ONLY_TARGETED_DST_MAC : Network Bootstrap Completed. Proceeding with shortest path calculation________
2017-01-06 01:32:30,282 - DEBUG -  Unable to find path from  src_mac='33:33:00:00:00:fb' to dst_mac='d6:2c:d9:34:05:b6'  
2017-01-06 01:32:30,310 - DEBUG - __________RX_NO_BCAST_ONLY_TARGETED_DST_MAC : Network Bootstrap Completed. Proceeding with shortest path calculation________
2017-01-06 01:32:30,310 - DEBUG -  Unable to find path from  src_mac='33:33:00:00:00:fb' to dst_mac='5e:36:8b:e0:47:8e'  
2017-01-06 01:32:30,319 - DEBUG - __________RX_NO_BCAST_ONLY_TARGETED_DST_MAC : Network Bootstrap Completed. Proceeding with shortest path calculation________
2017-01-06 01:32:30,319 - DEBUG -  Unable to find path from  src_mac='33:33:00:00:00:fb' to dst_mac='52:80:de:01:6b:b1'  
2017-01-06 01:32:30,374 - DEBUG - __________RX_NO_BCAST_ONLY_TARGETED_DST_MAC : Network Bootstrap Completed. Proceeding with shortest path calculation________
2017-01-06 01:32:30,375 - DEBUG -  Unable to find path from  src_mac='33:33:00:00:00:fb' to dst_mac='92:1c:f2:84:e4:68'  
2017-01-06 01:32:30,458 - DEBUG - __________RX_NO_BCAST_ONLY_TARGETED_DST_MAC : Network Bootstrap Completed. Proceeding with shortest path calculation________
2017-01-06 01:32:30,458 - DEBUG -  Unable to find path from  src_mac='33:33:00:00:00:fb' to dst_mac='da:6c:de:91:98:64'  
2017-01-06 01:32:30,459 - DEBUG - __________RX_NO_BCAST_ONLY_TARGETED_DST_MAC : Network Bootstrap Completed. Proceeding with shortest path calculation________
2017-01-06 01:32:30,459 - DEBUG -  Unable to find path from  src_mac='33:33:00:00:00:fb' to dst_mac='ce:74:7b:c5:6e:f7'  
2017-01-06 01:32:30,466 - DEBUG - __________RX_NO_BCAST_ONLY_TARGETED_DST_MAC : Network Bootstrap Completed. Proceeding with shortest path calculation________
2017-01-06 01:32:30,467 - DEBUG -  Unable to find path from  src_mac='33:33:00:00:00:fb' to dst_mac='fe:0c:20:1a:1d:a0'  
2017-01-06 01:32:30,524 - DEBUG - __________RX_NO_BCAST_ONLY_TARGETED_DST_MAC : Network Bootstrap Completed. Proceeding with shortest path calculation________
2017-01-06 01:32:30,524 - DEBUG -  Unable to find path from  src_mac='33:33:00:00:00:fb' to dst_mac='86:b7:f5:aa:38:02'  
2017-01-06 01:32:30,524 - DEBUG - __________RX_NO_BCAST_ONLY_TARGETED_DST_MAC : Network Bootstrap Completed. Proceeding with shortest path calculation________
2017-01-06 01:32:30,525 - DEBUG -  Unable to find path from  src_mac='33:33:00:00:00:fb' to dst_mac='ce:8b:cd:1c:60:8a'  
2017-01-06 01:32:30,590 - DEBUG - __________RX_NO_BCAST_ONLY_TARGETED_DST_MAC : Network Bootstrap Completed. Proceeding with shortest path calculation________
2017-01-06 01:32:30,590 - DEBUG -  Unable to find path from  src_mac='33:33:00:00:00:fb' to dst_mac='76:f4:45:1f:b0:45'  
2017-01-06 01:32:30,706 - DEBUG - __________RX_NO_BCAST_ONLY_TARGETED_DST_MAC : Network Bootstrap Completed. Proceeding with shortest path calculation________
2017-01-06 01:32:30,706 - DEBUG -  Unable to find path from  src_mac='33:33:00:00:00:fb' to dst_mac='46:69:99:33:9b:1a'  
2017-01-06 01:32:40,042 - DEBUG - __________RX_NO_BCAST_ONLY_TARGETED_DST_MAC : Network Bootstrap Completed. Proceeding with shortest path calculation________
2017-01-06 01:32:40,043 - DEBUG - SPATH: Received ARP to specific dst mac '00:00:00:00:01:02' that exist in our graph
2017-01-06 01:32:40,043 - DEBUG - SPATH Do we have a path to this destination mac? src= '00:00:00:00:01:02' , dst = '00:00:00:00:02:01' 
2017-01-06 01:32:40,140 - DEBUG - Installing path : ['00:00:00:00:02:01', 23, 22, 21, '00:00:00:00:01:02']
2017-01-06 01:32:40,140 - DEBUG - Installing rule : iteration = 1
2017-01-06 01:32:40,140 - DEBUG - FWD FLOW in_port computed = self.net.edge['00:00:00:00:02:01'][23]['dst_port'] = 4
2017-01-06 01:32:40,140 - DEBUG - FWD FLOW out_port computed = self.net.edge[23][22]['src_port'] = 2 
2017-01-06 01:32:40,140 - DEBUG - FLOWMOD_1 : installing rule: '00:00:00:00:02:01' -----> 4 ==== 23 === 2 -----> '00:00:00:00:01:02' 
2017-01-06 01:32:40,141 - DEBUG - Installing rule : iteration = 2
2017-01-06 01:32:40,141 - DEBUG - FWD FLOW in_port computed = self.net.edge[23][22]['dst_port'] = 4
2017-01-06 01:32:40,141 - DEBUG - FWD FLOW out_port computed = self.net.edge[22][21]['src_port'] = 3 
2017-01-06 01:32:40,141 - DEBUG - FLOWMOD_1 : installing rule: '00:00:00:00:02:01' -----> 4 ==== 22 === 3 -----> '00:00:00:00:01:02' 
2017-01-06 01:32:40,148 - DEBUG - Installing rule : iteration = 3
2017-01-06 01:32:40,149 - DEBUG - FWD FLOW in_port computed = self.net.edge[22][21]['dst_port'] = 2
2017-01-06 01:32:40,149 - DEBUG - FWD FLOW out_port computed = self.net.edge[21]['00:00:00:00:01:02']['src_port'] = 4 
2017-01-06 01:32:40,149 - DEBUG - FLOWMOD_1 : installing rule: '00:00:00:00:02:01' -----> 2 ==== 21 === 4 -----> '00:00:00:00:01:02' 
2017-01-06 01:32:40,150 - DEBUG - Installing rule : iteration = 3  
2017-01-06 01:32:40,150 - DEBUG - REV FLOW in_port computed = self.net.edge['00:00:00:00:01:02'][21]['dst_port/in_port'] = 4
2017-01-06 01:32:40,150 - DEBUG - REV LOW out_port computed = self.net.edge[21][22]['src_port/out_port'] = 2
2017-01-06 01:32:40,150 - DEBUG - FLOWMOD_1 : installing rule: '00:00:00:00:01:02' -----> 4 ==== 21 === 2 -----> '00:00:00:00:02:01' 
2017-01-06 01:32:40,155 - DEBUG - Installing rule : iteration = 2  
2017-01-06 01:32:40,155 - DEBUG - REV FLOW in_port computed = self.net.edge[21][22]['dst_port/in_port'] = 3
2017-01-06 01:32:40,156 - DEBUG - REV LOW out_port computed = self.net.edge[22][23]['src_port/out_port'] = 4
2017-01-06 01:32:40,156 - DEBUG - FLOWMOD_1 : installing rule: '00:00:00:00:01:02' -----> 3 ==== 22 === 4 -----> '00:00:00:00:02:01' 
2017-01-06 01:32:40,157 - DEBUG - Installing rule : iteration = 1  
2017-01-06 01:32:40,157 - DEBUG - REV FLOW in_port computed = self.net.edge[22][23]['dst_port/in_port'] = 2
2017-01-06 01:32:40,157 - DEBUG - REV LOW out_port computed = self.net.edge[23]['00:00:00:00:02:01']['src_port/out_port'] = 4
2017-01-06 01:32:40,157 - DEBUG - FLOWMOD_1 : installing rule: '00:00:00:00:01:02' -----> 2 ==== 23 === 4 -----> '00:00:00:00:02:01' 
2017-01-06 01:33:58,638 - DEBUG - __________RX_NO_BCAST_ONLY_TARGETED_DST_MAC : Network Bootstrap Completed. Proceeding with shortest path calculation________
2017-01-06 01:33:58,639 - DEBUG - SPATH: Received ARP to specific dst mac '00:00:00:00:01:02' that exist in our graph
2017-01-06 01:33:58,639 - DEBUG - SPATH Do we have a path to this destination mac? src= '00:00:00:00:01:02' , dst = '00:00:00:00:02:02' 
2017-01-06 01:33:58,686 - DEBUG - Installing path : ['00:00:00:00:02:02', 23, 22, 21, '00:00:00:00:01:02']
2017-01-06 01:33:58,686 - DEBUG - Installing rule : iteration = 1
2017-01-06 01:33:58,686 - DEBUG - FWD FLOW in_port computed = self.net.edge['00:00:00:00:02:02'][23]['dst_port'] = 5
2017-01-06 01:33:58,686 - DEBUG - FWD FLOW out_port computed = self.net.edge[23][22]['src_port'] = 2 
2017-01-06 01:33:58,687 - DEBUG - FLOWMOD_1 : installing rule: '00:00:00:00:02:02' -----> 5 ==== 23 === 2 -----> '00:00:00:00:01:02' 
2017-01-06 01:33:58,688 - DEBUG - Installing rule : iteration = 2
2017-01-06 01:33:58,688 - DEBUG - FWD FLOW in_port computed = self.net.edge[23][22]['dst_port'] = 4
2017-01-06 01:33:58,688 - DEBUG - FWD FLOW out_port computed = self.net.edge[22][21]['src_port'] = 3 
2017-01-06 01:33:58,688 - DEBUG - FLOWMOD_1 : installing rule: '00:00:00:00:02:02' -----> 4 ==== 22 === 3 -----> '00:00:00:00:01:02' 
2017-01-06 01:33:58,689 - DEBUG - Installing rule : iteration = 3
2017-01-06 01:33:58,689 - DEBUG - FWD FLOW in_port computed = self.net.edge[22][21]['dst_port'] = 2
2017-01-06 01:33:58,689 - DEBUG - FWD FLOW out_port computed = self.net.edge[21]['00:00:00:00:01:02']['src_port'] = 4 
2017-01-06 01:33:58,689 - DEBUG - FLOWMOD_1 : installing rule: '00:00:00:00:02:02' -----> 2 ==== 21 === 4 -----> '00:00:00:00:01:02' 
2017-01-06 01:33:58,690 - DEBUG - Installing rule : iteration = 3  
2017-01-06 01:33:58,691 - DEBUG - REV FLOW in_port computed = self.net.edge['00:00:00:00:01:02'][21]['dst_port/in_port'] = 4
2017-01-06 01:33:58,691 - DEBUG - REV LOW out_port computed = self.net.edge[21][22]['src_port/out_port'] = 2
2017-01-06 01:33:58,691 - DEBUG - FLOWMOD_1 : installing rule: '00:00:00:00:01:02' -----> 4 ==== 21 === 2 -----> '00:00:00:00:02:02' 
2017-01-06 01:33:58,692 - DEBUG - Installing rule : iteration = 2  
2017-01-06 01:33:58,692 - DEBUG - REV FLOW in_port computed = self.net.edge[21][22]['dst_port/in_port'] = 3
2017-01-06 01:33:58,692 - DEBUG - REV LOW out_port computed = self.net.edge[22][23]['src_port/out_port'] = 4
2017-01-06 01:33:58,692 - DEBUG - FLOWMOD_1 : installing rule: '00:00:00:00:01:02' -----> 3 ==== 22 === 4 -----> '00:00:00:00:02:02' 
2017-01-06 01:33:58,693 - DEBUG - Installing rule : iteration = 1  
2017-01-06 01:33:58,693 - DEBUG - REV FLOW in_port computed = self.net.edge[22][23]['dst_port/in_port'] = 2
2017-01-06 01:33:58,693 - DEBUG - REV LOW out_port computed = self.net.edge[23]['00:00:00:00:02:02']['src_port/out_port'] = 5
2017-01-06 01:33:58,694 - DEBUG - FLOWMOD_1 : installing rule: '00:00:00:00:01:02' -----> 2 ==== 23 === 5 -----> '00:00:00:00:02:02' 
2017-01-06 01:34:08,698 - DEBUG - __________RX_NO_BCAST_ONLY_TARGETED_DST_MAC : Network Bootstrap Completed. Proceeding with shortest path calculation________
2017-01-06 01:34:08,698 - DEBUG - SPATH: Received ARP to specific dst mac '00:00:00:00:01:02' that exist in our graph
2017-01-06 01:34:08,698 - DEBUG - SPATH Do we have a path to this destination mac? src= '00:00:00:00:01:02' , dst = '00:00:00:00:01:01' 
2017-01-06 01:34:18,675 - DEBUG - __________RX_NO_BCAST_ONLY_TARGETED_DST_MAC : Network Bootstrap Completed. Proceeding with shortest path calculation________
2017-01-06 01:34:18,676 - DEBUG - SPATH: Received ARP to specific dst mac '00:00:00:00:01:01' that exist in our graph
2017-01-06 01:34:18,676 - DEBUG - SPATH Do we have a path to this destination mac? src= '00:00:00:00:01:01' , dst = '00:00:00:00:01:02' 
2017-01-06 01:34:18,736 - DEBUG - Installing path : ['00:00:00:00:01:02', 21, '00:00:00:00:01:01']
2017-01-06 01:34:18,736 - DEBUG - Installing rule : iteration = 1
2017-01-06 01:34:18,737 - DEBUG - FWD FLOW in_port computed = self.net.edge['00:00:00:00:01:02'][21]['dst_port'] = 4
2017-01-06 01:34:18,737 - DEBUG - FWD FLOW out_port computed = self.net.edge[21]['00:00:00:00:01:01']['src_port'] = 3 
2017-01-06 01:34:18,737 - DEBUG - FLOWMOD_1 : installing rule: '00:00:00:00:01:02' -----> 4 ==== 21 === 3 -----> '00:00:00:00:01:01' 
2017-01-06 01:34:18,738 - DEBUG - Installing rule : iteration = 1  
2017-01-06 01:34:18,738 - DEBUG - REV FLOW in_port computed = self.net.edge['00:00:00:00:01:01'][21]['dst_port/in_port'] = 3
2017-01-06 01:34:18,738 - DEBUG - REV LOW out_port computed = self.net.edge[21]['00:00:00:00:01:02']['src_port/out_port'] = 4
2017-01-06 01:34:18,738 - DEBUG - FLOWMOD_1 : installing rule: '00:00:00:00:01:01' -----> 3 ==== 21 === 4 -----> '00:00:00:00:01:02' 
2017-01-06 01:36:45,905 - DEBUG - __________RX_NO_BCAST_ONLY_TARGETED_DST_MAC : Network Bootstrap Completed. Proceeding with shortest path calculation________
2017-01-06 01:36:45,905 - DEBUG -  Unable to find path from  src_mac='33:33:00:00:00:fb' to dst_mac='a6:d1:3d:a1:8c:d8'  
2017-01-06 01:36:45,905 - DEBUG - __________RX_NO_BCAST_ONLY_TARGETED_DST_MAC : Network Bootstrap Completed. Proceeding with shortest path calculation________
2017-01-06 01:36:45,905 - DEBUG -  Unable to find path from  src_mac='33:33:00:00:00:fb' to dst_mac='f6:0c:d8:d9:ee:72'  
2017-01-06 01:36:45,906 - DEBUG - __________RX_NO_BCAST_ONLY_TARGETED_DST_MAC : Network Bootstrap Completed. Proceeding with shortest path calculation________
2017-01-06 01:36:45,906 - DEBUG -  Unable to find path from  src_mac='33:33:00:00:00:fb' to dst_mac='d2:be:93:8a:22:62'  
2017-01-06 01:36:45,906 - DEBUG - __________RX_NO_BCAST_ONLY_TARGETED_DST_MAC : Network Bootstrap Completed. Proceeding with shortest path calculation________
2017-01-06 01:36:45,907 - DEBUG -  Unable to find path from  src_mac='33:33:00:00:00:fb' to dst_mac='4e:cb:1b:01:a3:20'  
2017-01-06 01:36:45,907 - DEBUG - __________RX_NO_BCAST_ONLY_TARGETED_DST_MAC : Network Bootstrap Completed. Proceeding with shortest path calculation________
2017-01-06 01:36:45,907 - DEBUG -  Unable to find path from  src_mac='33:33:00:00:00:fb' to dst_mac='06:e6:ef:f8:6e:06'  
2017-01-06 01:36:45,908 - DEBUG - __________RX_NO_BCAST_ONLY_TARGETED_DST_MAC : Network Bootstrap Completed. Proceeding with shortest path calculation________
2017-01-06 01:36:45,908 - DEBUG -  Unable to find path from  src_mac='33:33:00:00:00:fb' to dst_mac='0a:35:9b:3e:79:db'  
2017-01-06 01:36:45,908 - DEBUG - __________RX_NO_BCAST_ONLY_TARGETED_DST_MAC : Network Bootstrap Completed. Proceeding with shortest path calculation________
2017-01-06 01:36:45,908 - DEBUG -  Unable to find path from  src_mac='33:33:00:00:00:fb' to dst_mac='7e:3e:0f:a2:a8:71'  
2017-01-06 01:36:45,954 - DEBUG - __________RX_NO_BCAST_ONLY_TARGETED_DST_MAC : Network Bootstrap Completed. Proceeding with shortest path calculation________
2017-01-06 01:36:45,954 - DEBUG -  Unable to find path from  src_mac='33:33:00:00:00:fb' to dst_mac='fa:f0:2d:ef:b6:50'  
2017-01-06 01:36:45,979 - DEBUG - __________RX_NO_BCAST_ONLY_TARGETED_DST_MAC : Network Bootstrap Completed. Proceeding with shortest path calculation________
2017-01-06 01:36:45,979 - DEBUG -  Unable to find path from  src_mac='33:33:00:00:00:fb' to dst_mac='c2:70:e7:0c:ec:4e'  
2017-01-06 01:36:45,980 - DEBUG - __________RX_NO_BCAST_ONLY_TARGETED_DST_MAC : Network Bootstrap Completed. Proceeding with shortest path calculation________
2017-01-06 01:36:45,980 - DEBUG -  Unable to find path from  src_mac='33:33:00:00:00:fb' to dst_mac='46:df:03:df:fc:c8'  
2017-01-06 01:36:45,985 - DEBUG - __________RX_NO_BCAST_ONLY_TARGETED_DST_MAC : Network Bootstrap Completed. Proceeding with shortest path calculation________
2017-01-06 01:36:45,985 - DEBUG -  Unable to find path from  src_mac='33:33:00:00:00:fb' to dst_mac='56:bf:f0:54:f2:87'  
2017-01-06 01:36:46,044 - DEBUG - __________RX_NO_BCAST_ONLY_TARGETED_DST_MAC : Network Bootstrap Completed. Proceeding with shortest path calculation________
2017-01-06 01:36:46,044 - DEBUG -  Unable to find path from  src_mac='33:33:00:00:00:fb' to dst_mac='e6:49:05:42:9c:cd'  
2017-01-06 01:36:46,045 - DEBUG - __________RX_NO_BCAST_ONLY_TARGETED_DST_MAC : Network Bootstrap Completed. Proceeding with shortest path calculation________
2017-01-06 01:36:46,045 - DEBUG -  Unable to find path from  src_mac='33:33:00:00:00:fb' to dst_mac='a2:dc:89:4d:db:2e'  
2017-01-06 01:36:46,057 - DEBUG - __________RX_NO_BCAST_ONLY_TARGETED_DST_MAC : Network Bootstrap Completed. Proceeding with shortest path calculation________
2017-01-06 01:36:46,057 - DEBUG -  Unable to find path from  src_mac='33:33:00:00:00:fb' to dst_mac='ca:e1:45:e3:00:83'  
2017-01-06 01:36:46,139 - DEBUG - __________RX_NO_BCAST_ONLY_TARGETED_DST_MAC : Network Bootstrap Completed. Proceeding with shortest path calculation________
2017-01-06 01:36:46,139 - DEBUG -  Unable to find path from  src_mac='33:33:00:00:00:fb' to dst_mac='3e:09:87:be:a4:7f'  
2017-01-06 01:36:46,142 - DEBUG - __________RX_NO_BCAST_ONLY_TARGETED_DST_MAC : Network Bootstrap Completed. Proceeding with shortest path calculation________
2017-01-06 01:36:46,142 - DEBUG -  Unable to find path from  src_mac='33:33:00:00:00:fb' to dst_mac='22:33:ca:e5:f3:66'  
2017-01-06 01:36:46,163 - DEBUG - __________RX_NO_BCAST_ONLY_TARGETED_DST_MAC : Network Bootstrap Completed. Proceeding with shortest path calculation________
2017-01-06 01:36:46,163 - DEBUG -  Unable to find path from  src_mac='33:33:00:00:00:fb' to dst_mac='3a:5a:5a:f0:28:81'  
2017-01-06 01:36:46,287 - DEBUG - __________RX_NO_BCAST_ONLY_TARGETED_DST_MAC : Network Bootstrap Completed. Proceeding with shortest path calculation________
2017-01-06 01:36:46,288 - DEBUG -  Unable to find path from  src_mac='33:33:00:00:00:fb' to dst_mac='d6:2c:d9:34:05:b6'  
2017-01-06 01:36:46,309 - DEBUG - __________RX_NO_BCAST_ONLY_TARGETED_DST_MAC : Network Bootstrap Completed. Proceeding with shortest path calculation________
2017-01-06 01:36:46,309 - DEBUG -  Unable to find path from  src_mac='33:33:00:00:00:fb' to dst_mac='5e:36:8b:e0:47:8e'  
2017-01-06 01:36:46,310 - DEBUG - __________RX_NO_BCAST_ONLY_TARGETED_DST_MAC : Network Bootstrap Completed. Proceeding with shortest path calculation________
2017-01-06 01:36:46,310 - DEBUG -  Unable to find path from  src_mac='33:33:00:00:00:fb' to dst_mac='52:80:de:01:6b:b1'  
2017-01-06 01:36:46,387 - DEBUG - __________RX_NO_BCAST_ONLY_TARGETED_DST_MAC : Network Bootstrap Completed. Proceeding with shortest path calculation________
2017-01-06 01:36:46,387 - DEBUG -  Unable to find path from  src_mac='33:33:00:00:00:fb' to dst_mac='92:1c:f2:84:e4:68'  
2017-01-06 01:36:46,461 - DEBUG - __________RX_NO_BCAST_ONLY_TARGETED_DST_MAC : Network Bootstrap Completed. Proceeding with shortest path calculation________
2017-01-06 01:36:46,461 - DEBUG -  Unable to find path from  src_mac='33:33:00:00:00:fb' to dst_mac='da:6c:de:91:98:64'  
2017-01-06 01:36:46,462 - DEBUG - __________RX_NO_BCAST_ONLY_TARGETED_DST_MAC : Network Bootstrap Completed. Proceeding with shortest path calculation________
2017-01-06 01:36:46,462 - DEBUG -  Unable to find path from  src_mac='33:33:00:00:00:fb' to dst_mac='ce:74:7b:c5:6e:f7'  
2017-01-06 01:36:46,463 - DEBUG - __________RX_NO_BCAST_ONLY_TARGETED_DST_MAC : Network Bootstrap Completed. Proceeding with shortest path calculation________
2017-01-06 01:36:46,463 - DEBUG -  Unable to find path from  src_mac='33:33:00:00:00:fb' to dst_mac='fe:0c:20:1a:1d:a0'  
2017-01-06 01:36:46,525 - DEBUG - __________RX_NO_BCAST_ONLY_TARGETED_DST_MAC : Network Bootstrap Completed. Proceeding with shortest path calculation________
2017-01-06 01:36:46,525 - DEBUG -  Unable to find path from  src_mac='33:33:00:00:00:fb' to dst_mac='86:b7:f5:aa:38:02'  
2017-01-06 01:36:46,526 - DEBUG - __________RX_NO_BCAST_ONLY_TARGETED_DST_MAC : Network Bootstrap Completed. Proceeding with shortest path calculation________
2017-01-06 01:36:46,526 - DEBUG -  Unable to find path from  src_mac='33:33:00:00:00:fb' to dst_mac='ce:8b:cd:1c:60:8a'  
2017-01-06 01:36:46,591 - DEBUG - __________RX_NO_BCAST_ONLY_TARGETED_DST_MAC : Network Bootstrap Completed. Proceeding with shortest path calculation________
2017-01-06 01:36:46,591 - DEBUG -  Unable to find path from  src_mac='33:33:00:00:00:fb' to dst_mac='76:f4:45:1f:b0:45'  
2017-01-06 01:36:46,697 - DEBUG - __________RX_NO_BCAST_ONLY_TARGETED_DST_MAC : Network Bootstrap Completed. Proceeding with shortest path calculation________
2017-01-06 01:36:46,697 - DEBUG -  Unable to find path from  src_mac='33:33:00:00:00:fb' to dst_mac='46:69:99:33:9b:1a'  
